PRT1
374
1113
4 1 8 (-4096 -1024 320 ) (-4096 -1024 2560 ) (-4096 -768 2560 ) (-4096 -768 320 ) 
4 1 4 (-3864 -1024 352 ) (-4096 -1024 352 ) (-4096 -1024 320 ) (-3864 -1024 320 ) 
4 1 3 (-3776 -1024 320 ) (-3776 -1024 352 ) (-3864 -1024 352 ) (-3864 -1024 320 ) 
4 1 2 (-3776 -1024 352 ) (-3776 -1024 2560 ) (-4096 -1024 2560 ) (-4096 -1024 352 ) 
4 2 32 (-3864 -2048 2560 ) (-4096 -2048 2560 ) (-4096 -2048 352 ) (-3864 -2048 352 ) 
4 2 31 (-3776 -2048 352 ) (-3776 -2048 2560 ) (-3864 -2048 2560 ) (-3864 -2048 352 ) 
4 2 11 (-4096 -1472 2560 ) (-4096 -1024 2560 ) (-4096 -1024 352 ) (-4096 -1472 352 ) 
4 2 12 (-4096 -2048 352 ) (-4096 -2048 2560 ) (-4096 -1472 2560 ) (-4096 -1472 352 ) 
4 2 5 (-3864 -2048 352 ) (-4096 -2048 352 ) (-4096 -1472 352 ) (-3864 -1472 352 ) 
4 2 4 (-3864 -1472 352 ) (-4096 -1472 352 ) (-4096 -1024 352 ) (-3864 -1024 352 ) 
4 2 3 (-3776 -1024 352 ) (-3776 -1440 352 ) (-3864 -1440 352 ) (-3864 -1024 352 ) 
4 3 4 (-3864 -1440 352 ) (-3864 -1024 352 ) (-3864 -1024 320 ) (-3864 -1440 320 ) 
4 4 11 (-4096 -1472 352 ) (-4096 -1024 352 ) (-4096 -1024 320 ) (-4096 -1472 320 ) 
4 4 5 (-3864 -1472 320 ) (-3864 -1472 352 ) (-4096 -1472 352 ) (-4096 -1472 320 ) 
4 5 32 (-3864 -2048 352 ) (-4096 -2048 352 ) (-4096 -2048 224 ) (-3864 -2048 224 ) 
4 5 12 (-4096 -2048 224 ) (-4096 -2048 352 ) (-4096 -1472 352 ) (-4096 -1472 224 ) 
4 5 7 (-3872 -2048 224 ) (-4096 -2048 224 ) (-4096 -1472 224 ) (-3872 -1472 224 ) 
4 5 6 (-3864 -2048 224 ) (-3872 -2048 224 ) (-3872 -1472 224 ) (-3864 -1472 224 ) 
4 6 32 (-3864 -2048 224 ) (-3872 -2048 224 ) (-3872 -2048 -32 ) (-3864 -2048 -32 ) 
4 6 7 (-3872 -1472 -32 ) (-3872 -2048 -32 ) (-3872 -2048 224 ) (-3872 -1472 224 ) 
4 7 32 (-3872 -2048 224 ) (-4096 -2048 224 ) (-4096 -2048 -32 ) (-3872 -2048 -32 ) 
4 7 13 (-4096 -2048 -32 ) (-4096 -2048 224 ) (-4096 -1088 224 ) (-4096 -1088 -32 ) 
4 8 11 (-4096 -1024 320 ) (-4096 -1024 2560 ) (-5120 -1024 2560 ) (-5120 -1024 320 ) 
4 8 9 (-5120 -1024 320 ) (-5120 -1024 2560 ) (-5120 -768 2560 ) (-5120 -768 320 ) 
4 9 17 (-5120 -1024 320 ) (-5120 -1024 2560 ) (-6048 -1024 2560 ) (-6048 -1024 320 ) 
4 9 10 (-6048 -768 2560 ) (-6048 -768 320 ) (-6048 -1024 320 ) (-6048 -1024 2560 ) 
4 10 124 (-6144 -1024 320 ) (-6144 -1024 448 ) (-6144 -960 448 ) (-6144 -960 320 ) 
4 10 123 (-6144 -960 448 ) (-6144 -768 448 ) (-6144 -768 320 ) (-6144 -960 320 ) 
4 10 122 (-6144 -1024 448 ) (-6144 -1024 572 ) (-6144 -960 572 ) (-6144 -960 448 ) 
4 10 121 (-6144 -960 572 ) (-6144 -832 572 ) (-6144 -832 448 ) (-6144 -960 448 ) 
4 10 120 (-6144 -832 572 ) (-6144 -768 572 ) (-6144 -768 448 ) (-6144 -832 448 ) 
4 10 119 (-6144 -1024 572 ) (-6144 -1024 2560 ) (-6144 -768 2560 ) (-6144 -768 572 ) 
4 10 18 (-6048 -1024 320 ) (-6048 -1024 2560 ) (-6144 -1024 2560 ) (-6144 -1024 320 ) 
4 11 17 (-5120 -1024 2560 ) (-5120 -1024 320 ) (-5120 -1472 320 ) (-5120 -1472 2560 ) 
4 11 12 (-4096 -1472 320 ) (-4096 -1472 2560 ) (-5120 -1472 2560 ) (-5120 -1472 320 ) 
4 12 57 (-5000 -2048 352 ) (-5120 -2048 352 ) (-5120 -2048 224 ) (-5000 -2048 224 ) 
4 12 56 (-4096 -2048 224 ) (-4096 -2048 352 ) (-5000 -2048 352 ) (-5000 -2048 224 ) 
4 12 46 (-4096 -2048 352 ) (-4096 -2048 2560 ) (-5120 -2048 2560 ) (-5120 -2048 352 ) 
4 12 24 (-5120 -2000 224 ) (-5120 -2048 224 ) (-5120 -2048 2560 ) (-5120 -2000 2560 ) 
4 12 22 (-5120 -1952 224 ) (-5120 -2000 224 ) (-5120 -2000 2560 ) (-5120 -1952 2560 ) 
4 12 20 (-5120 -1472 224 ) (-5120 -1600 224 ) (-5120 -1600 2560 ) (-5120 -1472 2560 ) 
4 12 21 (-5120 -1600 224 ) (-5120 -1952 224 ) (-5120 -1952 2560 ) (-5120 -1600 2560 ) 
4 12 14 (-4192 -2048 224 ) (-5120 -2048 224 ) (-5120 -1472 224 ) (-4192 -1472 224 ) 
4 12 13 (-4096 -2048 224 ) (-4192 -2048 224 ) (-4192 -1472 224 ) (-4096 -1472 224 ) 
4 13 56 (-4096 -2048 -32 ) (-4096 -2048 224 ) (-4192 -2048 224 ) (-4192 -2048 -32 ) 
4 13 14 (-4192 -2048 -32 ) (-4192 -2048 224 ) (-4192 -1472 224 ) (-4192 -1472 -32 ) 
4 14 57 (-5000 -2048 224 ) (-5120 -2048 224 ) (-5120 -2048 -32 ) (-5000 -2048 -32 ) 
4 14 56 (-4192 -2048 224 ) (-5000 -2048 224 ) (-5000 -2048 -32 ) (-4192 -2048 -32 ) 
4 14 26 (-5120 -2000 -32 ) (-5120 -2048 -32 ) (-5120 -2048 8 ) (-5120 -2000 8 ) 
4 14 25 (-5120 -2048 8 ) (-5120 -2048 24 ) (-5120 -2000 24 ) (-5120 -2000 8 ) 
4 14 24 (-5120 -2048 24 ) (-5120 -2048 224 ) (-5120 -2000 224 ) (-5120 -2000 24 ) 
4 14 22 (-5120 -1952 -32 ) (-5120 -2000 -32 ) (-5120 -2000 224 ) (-5120 -1952 224 ) 
4 14 20 (-5120 -1472 -32 ) (-5120 -1600 -32 ) (-5120 -1600 224 ) (-5120 -1472 224 ) 
4 14 21 (-5120 -1600 -32 ) (-5120 -1952 -32 ) (-5120 -1952 224 ) (-5120 -1600 224 ) 
4 14 15 (-5120 -2048 -32 ) (-5120 -1600 -32 ) (-4224 -1600 -32 ) (-4224 -2048 -32 ) 
4 15 59 (-5120 -2048 -32 ) (-5120 -2048 -64 ) (-4224 -2048 -64 ) (-4224 -2048 -32 ) 
4 15 26 (-5120 -2000 -64 ) (-5120 -2048 -64 ) (-5120 -2048 -32 ) (-5120 -2000 -32 ) 
4 15 23 (-5120 -1952 -64 ) (-5120 -2000 -64 ) (-5120 -2000 -32 ) (-5120 -1952 -32 ) 
4 15 21 (-5120 -1600 -64 ) (-5120 -1952 -64 ) (-5120 -1952 -32 ) (-5120 -1600 -32 ) 
4 15 16 (-4352 -2048 -64 ) (-5120 -2048 -64 ) (-5120 -1952 -64 ) (-4352 -1952 -64 ) 
4 16 60 (-4352 -2048 -64 ) (-5120 -2048 -64 ) (-5120 -2048 -72 ) (-4352 -2048 -72 ) 
4 16 26 (-5120 -2000 -72 ) (-5120 -2048 -72 ) (-5120 -2048 -64 ) (-5120 -2000 -64 ) 
4 16 23 (-5120 -1952 -72 ) (-5120 -2000 -72 ) (-5120 -2000 -64 ) (-5120 -1952 -64 ) 
4 17 20 (-5120 -1472 320 ) (-5120 -1472 2560 ) (-6048 -1472 2560 ) (-6048 -1472 320 ) 
4 17 19 (-6048 -1344 320 ) (-6048 -1472 320 ) (-6048 -1472 2560 ) (-6048 -1344 2560 ) 
4 17 18 (-6048 -1024 2560 ) (-6048 -1024 320 ) (-6048 -1344 320 ) (-6048 -1344 2560 ) 
4 18 136 (-6144 -1344 320 ) (-6144 -1344 572 ) (-6144 -1024 572 ) (-6144 -1024 320 ) 
4 18 135 (-6144 -1344 572 ) (-6144 -1344 2560 ) (-6144 -1024 2560 ) (-6144 -1024 572 ) 
4 18 19 (-6048 -1344 320 ) (-6048 -1344 2560 ) (-6144 -1344 2560 ) (-6144 -1344 320 ) 
4 19 140 (-6144 -1472 -32 ) (-6144 -1472 320 ) (-6144 -1344 320 ) (-6144 -1344 -32 ) 
4 19 136 (-6144 -1472 320 ) (-6144 -1472 572 ) (-6144 -1344 572 ) (-6144 -1344 320 ) 
4 19 135 (-6144 -1472 572 ) (-6144 -1472 2560 ) (-6144 -1344 2560 ) (-6144 -1344 572 ) 
4 19 20 (-6048 -1472 -32 ) (-6048 -1472 2560 ) (-6144 -1472 2560 ) (-6144 -1472 -32 ) 
4 20 140 (-6144 -1472 320 ) (-6144 -1472 -32 ) (-6144 -1600 -32 ) (-6144 -1600 320 ) 
4 20 136 (-6144 -1472 572 ) (-6144 -1472 320 ) (-6144 -1600 320 ) (-6144 -1600 572 ) 
4 20 135 (-6144 -1600 2560 ) (-6144 -1472 2560 ) (-6144 -1472 572 ) (-6144 -1600 572 ) 
4 20 21 (-5120 -1600 -32 ) (-5120 -1600 2560 ) (-6144 -1600 2560 ) (-6144 -1600 -32 ) 
4 21 140 (-6144 -1952 -64 ) (-6144 -1952 320 ) (-6144 -1600 320 ) (-6144 -1600 -64 ) 
4 21 136 (-6144 -1952 320 ) (-6144 -1952 572 ) (-6144 -1600 572 ) (-6144 -1600 320 ) 
4 21 135 (-6144 -1952 572 ) (-6144 -1952 2560 ) (-6144 -1600 2560 ) (-6144 -1600 572 ) 
4 21 23 (-5120 -1952 -64 ) (-5120 -1952 -32 ) (-5888 -1952 -32 ) (-5888 -1952 -64 ) 
4 21 22 (-5120 -1952 -32 ) (-5120 -1952 2560 ) (-6144 -1952 2560 ) (-6144 -1952 -32 ) 
4 22 140 (-6144 -2000 -32 ) (-6144 -2000 320 ) (-6144 -1952 320 ) (-6144 -1952 -32 ) 
4 22 136 (-6144 -2000 320 ) (-6144 -2000 572 ) (-6144 -1952 572 ) (-6144 -1952 320 ) 
4 22 135 (-6144 -2000 572 ) (-6144 -2000 2560 ) (-6144 -1952 2560 ) (-6144 -1952 572 ) 
3 22 28 (-5932 -2000 -32 ) (-5888 -2000 -32 ) (-5888 -2000 -4.689486 ) 
5 22 27 (-6096 -2000 -32 ) (-5932 -2000 -32 ) (-5888 -2000 -4.689486 ) (-5888 -2000 8 ) (-6096 -2000 8 ) 
4 22 26 (-5888 -2000 -32 ) (-5120 -2000 -32 ) (-5120 -2000 8 ) (-5888 -2000 8 ) 
4 22 25 (-6096 -2000 8 ) (-5120 -2000 8 ) (-5120 -2000 24 ) (-6096 -2000 24 ) 
4 22 24 (-6144 -2000 2560 ) (-6144 -2000 24 ) (-5120 -2000 24 ) (-5120 -2000 2560 ) 
4 22 23 (-5120 -2000 -32 ) (-5888 -2000 -32 ) (-5888 -1952 -32 ) (-5120 -1952 -32 ) 
4 23 26 (-5888 -2000 -72 ) (-5120 -2000 -72 ) (-5120 -2000 -32 ) (-5888 -2000 -32 ) 
4 24 141 (-6144 -2048 24 ) (-6144 -2048 320 ) (-6144 -2000 320 ) (-6144 -2000 24 ) 
4 24 136 (-6144 -2048 320 ) (-6144 -2048 572 ) (-6144 -2000 572 ) (-6144 -2000 320 ) 
4 24 135 (-6144 -2048 572 ) (-6144 -2048 2560 ) (-6144 -2000 2560 ) (-6144 -2000 572 ) 
4 24 67 (-6096 -2048 2560 ) (-6144 -2048 2560 ) (-6144 -2048 24 ) (-6096 -2048 24 ) 
4 24 66 (-5120 -2048 24 ) (-5120 -2048 2560 ) (-6096 -2048 2560 ) (-6096 -2048 24 ) 
4 24 25 (-6096 -2000 24 ) (-5120 -2000 24 ) (-5120 -2048 24 ) (-6096 -2048 24 ) 
4 25 66 (-5120 -2048 8 ) (-5120 -2048 24 ) (-6096 -2048 24 ) (-6096 -2048 8 ) 
4 25 27 (-5888 -2048 8 ) (-6096 -2048 8 ) (-6096 -2000 8 ) (-5888 -2000 8 ) 
4 25 26 (-5120 -2048 8 ) (-5888 -2048 8 ) (-5888 -2000 8 ) (-5120 -2000 8 ) 
4 26 68 (-5120 -2048 -72 ) (-5120 -2048 8 ) (-5888 -2048 8 ) (-5888 -2048 -72 ) 
4 26 28 (-5888 -2048 -32 ) (-5888 -2048 -4.689484 ) (-5888 -2000 -4.689487 ) (-5888 -2000 -32 ) 
4 26 27 (-5888 -2048 -4.689484 ) (-5888 -2048 8 ) (-5888 -2000 8 ) (-5888 -2000 -4.689487 ) 
5 27 69 (-5888 -2048 8 ) (-6096 -2048 8 ) (-6096 -2048 -72 ) (-5996.444336 -2048 -72 ) (-5888 -2048 -4.689484 ) 
4 27 30 (-6096 -2048 -72 ) (-6096 -2048 8 ) (-6096 -2020 8 ) (-6096 -2020 -72 ) 
4 27 29 (-6096 -2048 -72 ) (-6096 -2000 -72 ) (-5996.444336 -2000 -72 ) (-5996.444336 -2048 -72 ) 
4 27 28 (-5932.003418 -2000 -32 ) (-5888 -2000 -4.687104 ) (-5888 -2048 -4.687105 ) (-5932.003418 -2048 -32 ) 
3 28 70 (-5888 -2048 -32 ) (-5888 -2048 -4.689484 ) (-5932 -2048 -32 ) 
4 29 71 (-6096 -2048 -72 ) (-6096 -2048 -104 ) (-6048 -2048 -104 ) (-5996.444336 -2048 -72 ) 
4 29 30 (-6096 -2020 -104 ) (-6096 -2048 -104 ) (-6096 -2048 -72 ) (-6096 -2020 -72 ) 
4 30 72 (-6096 -2048 8 ) (-6104 -2048 8 ) (-6104 -2048 -104 ) (-6096 -2048 -104 ) 
4 31 36 (-3776 -2616 352 ) (-3776 -2616 544 ) (-3864 -2616 544 ) (-3864 -2616 352 ) 
4 31 34 (-3776 -2616 544 ) (-3776 -2616 608 ) (-3840 -2616 608 ) (-3840 -2616 544 ) 
4 31 33 (-3776 -2616 608 ) (-3776 -2616 2560 ) (-3864 -2616 2560 ) (-3864 -2616 608 ) 
4 31 32 (-3864 -2048 2560 ) (-3864 -2048 352 ) (-3864 -2616 352 ) (-3864 -2616 2560 ) 
4 32 56 (-4096 -2048 352 ) (-4096 -2048 -32 ) (-4096 -2616 -32 ) (-4096 -2616 352 ) 
4 32 46 (-4096 -2048 2560 ) (-4096 -2048 352 ) (-4096 -2616 352 ) (-4096 -2616 2560 ) 
4 32 41 (-4096 -2616 320 ) (-4096 -2616 -32 ) (-3864 -2616 -32 ) (-3864 -2616 320 ) 
4 32 38 (-4096 -2616 416 ) (-4096 -2616 352 ) (-3896 -2616 352 ) (-3896 -2616 416 ) 
4 32 37 (-4096 -2616 544 ) (-4096 -2616 416 ) (-3896 -2616 416 ) (-3896 -2616 544 ) 
4 32 39 (-4096 -2616 352 ) (-4096 -2616 320 ) (-3896 -2616 320 ) (-3896 -2616 352 ) 
4 32 36 (-3896 -2616 320 ) (-3864 -2616 320 ) (-3864 -2616 544 ) (-3896 -2616 544 ) 
4 32 33 (-4096 -2616 2560 ) (-4096 -2616 608 ) (-3864 -2616 608 ) (-3864 -2616 2560 ) 
4 33 47 (-4096 -2616 2560 ) (-4096 -2616 608 ) (-4096 -2656 608 ) (-4096 -2656 2560 ) 
4 33 35 (-3776 -2656 608 ) (-3776 -2656 2560 ) (-4096 -2656 2560 ) (-4096 -2656 608 ) 
4 33 34 (-3776 -2656 608 ) (-3840 -2656 608 ) (-3840 -2616 608 ) (-3776 -2616 608 ) 
4 34 40 (-3776 -2620 544 ) (-3776 -2656 544 ) (-3840 -2656 544 ) (-3840 -2620 544 ) 
4 34 36 (-3840 -2616 544 ) (-3776 -2616 544 ) (-3776 -2620 544 ) (-3840 -2620 544 ) 
4 34 35 (-3776 -2656 576 ) (-3776 -2656 608 ) (-3840 -2656 608 ) (-3840 -2656 576 ) 
4 35 61 (-4096 -3072 576 ) (-4096 -3072 2560 ) (-4096 -2656 2560 ) (-4096 -2656 576 ) 
4 35 42 (-3776 -3072 576 ) (-3776 -3072 2560 ) (-4096 -3072 2560 ) (-4096 -3072 576 ) 
4 36 41 (-3896 -2616 320 ) (-3840 -2616 320 ) (-3840 -2620 320 ) (-3896 -2620 320 ) 
4 36 40 (-3896 -2620 320 ) (-3776 -2620 320 ) (-3776 -2620 544 ) (-3896 -2620 544 ) 
4 36 38 (-3896 -2620 352 ) (-3896 -2620 416 ) (-3896 -2616 416 ) (-3896 -2616 352 ) 
4 36 37 (-3896 -2620 416 ) (-3896 -2620 544 ) (-3896 -2616 544 ) (-3896 -2616 416 ) 
4 36 39 (-3896 -2616 320 ) (-3896 -2620 320 ) (-3896 -2620 352 ) (-3896 -2616 352 ) 
4 37 48 (-4096 -2620 544 ) (-4096 -2616 544 ) (-4096 -2616 416 ) (-4096 -2620 416 ) 
4 37 40 (-3896 -2620 416 ) (-3896 -2620 544 ) (-4096 -2620 544 ) (-4096 -2620 416 ) 
4 37 38 (-4096 -2616 416 ) (-3896 -2616 416 ) (-3896 -2620 416 ) (-4096 -2620 416 ) 
4 38 49 (-4096 -2616 416 ) (-4096 -2616 352 ) (-4096 -2620 352 ) (-4096 -2620 416 ) 
4 38 40 (-3896 -2620 352 ) (-3896 -2620 416 ) (-4096 -2620 416 ) (-4096 -2620 352 ) 
4 38 39 (-4096 -2616 352 ) (-3896 -2616 352 ) (-3896 -2620 352 ) (-4096 -2620 352 ) 
4 39 56 (-4096 -2616 352 ) (-4096 -2616 320 ) (-4096 -2620 320 ) (-4096 -2620 352 ) 
4 39 41 (-4096 -2616 320 ) (-3896 -2616 320 ) (-3896 -2620 320 ) (-4096 -2620 320 ) 
4 39 40 (-4096 -2620 320 ) (-3896 -2620 320 ) (-3896 -2620 352 ) (-4096 -2620 352 ) 
4 40 56 (-4096 -2620 352 ) (-4096 -2620 320 ) (-4096 -2656 320 ) (-4096 -2656 352 ) 
4 40 54 (-4096 -2656 544 ) (-4096 -2620 544 ) (-4096 -2620 352 ) (-4096 -2656 352 ) 
4 40 41 (-3840 -2656 320 ) (-4096 -2656 320 ) (-4096 -2620 320 ) (-3840 -2620 320 ) 
4 41 64 (-4096 -3072 -32 ) (-4096 -3072 320 ) (-4096 -2656 320 ) (-4096 -2656 -32 ) 
4 41 56 (-4096 -2656 320 ) (-4096 -2616 320 ) (-4096 -2616 -32 ) (-4096 -2656 -32 ) 
4 41 45 (-3840 -3072 320 ) (-4096 -3072 320 ) (-4096 -3072 -32 ) (-3840 -3072 -32 ) 
4 42 96 (-4096 -4096 576 ) (-4096 -4096 712 ) (-4096 -3328 712 ) (-4096 -3328 576 ) 
4 42 95 (-4096 -4096 712 ) (-4096 -4096 2560 ) (-4096 -3328 2560 ) (-4096 -3328 712 ) 
4 42 92 (-4096 -3328 2560 ) (-4096 -3072 2560 ) (-4096 -3072 576 ) (-4096 -3328 576 ) 
4 42 43 (-3776 -3328 576 ) (-3776 -4096 576 ) (-4096 -4096 576 ) (-4096 -3328 576 ) 
4 43 96 (-4096 -4096 544 ) (-4096 -4096 576 ) (-4096 -3328 576 ) (-4096 -3328 544 ) 
4 43 44 (-4096 -4096 544 ) (-4096 -3328 544 ) (-3776 -3328 544 ) (-3776 -4096 544 ) 
4 44 96 (-4096 -4096 512 ) (-4096 -4096 544 ) (-4096 -3328 544 ) (-4096 -3328 512 ) 
4 45 97 (-4096 -3136 -32 ) (-4096 -3136 320 ) (-4096 -3072 320 ) (-4096 -3072 -32 ) 
4 46 75 (-5120 -2144 352 ) (-5120 -2616 352 ) (-5120 -2616 2560 ) (-5120 -2144 2560 ) 
4 46 73 (-5120 -2096 352 ) (-5120 -2144 352 ) (-5120 -2144 2560 ) (-5120 -2096 2560 ) 
4 46 66 (-5120 -2048 2560 ) (-5120 -2048 352 ) (-5120 -2096 352 ) (-5120 -2096 2560 ) 
4 46 57 (-5120 -2616 352 ) (-5120 -2048 352 ) (-5000 -2048 352 ) (-5000 -2616 352 ) 
4 46 56 (-5000 -2048 352 ) (-4096 -2048 352 ) (-4096 -2616 352 ) (-5000 -2616 352 ) 
4 46 55 (-5120 -2616 352 ) (-4888 -2616 352 ) (-4888 -2616 544 ) (-5120 -2616 544 ) 
4 46 52 (-4520 -2616 352 ) (-4264 -2616 352 ) (-4264 -2616 416 ) (-4520 -2616 416 ) 
4 46 51 (-4264 -2616 416 ) (-4264 -2616 544 ) (-4520 -2616 544 ) (-4520 -2616 416 ) 
4 46 50 (-4264 -2616 352 ) (-4152 -2616 352 ) (-4152 -2616 544 ) (-4264 -2616 544 ) 
4 46 53 (-4632 -2616 352 ) (-4520 -2616 352 ) (-4520 -2616 544 ) (-4632 -2616 544 ) 
4 46 49 (-4152 -2616 352 ) (-4096 -2616 352 ) (-4096 -2616 416 ) (-4152 -2616 416 ) 
4 46 48 (-4096 -2616 416 ) (-4096 -2616 544 ) (-4152 -2616 544 ) (-4152 -2616 416 ) 
4 46 47 (-4096 -2616 608 ) (-4096 -2616 2560 ) (-5120 -2616 2560 ) (-5120 -2616 608 ) 
4 47 80 (-5120 -2656 608 ) (-5120 -2656 2560 ) (-5120 -2624 2560 ) (-5120 -2624 608 ) 
4 47 76 (-5120 -2624 2560 ) (-5120 -2616 2560 ) (-5120 -2616 608 ) (-5120 -2624 608 ) 
4 47 61 (-4096 -2656 608 ) (-4096 -2656 2560 ) (-5120 -2656 2560 ) (-5120 -2656 608 ) 
4 48 50 (-4152 -2620 416 ) (-4152 -2620 544 ) (-4152 -2616 544 ) (-4152 -2616 416 ) 
4 48 54 (-4096 -2620 416 ) (-4096 -2620 544 ) (-4152 -2620 544 ) (-4152 -2620 416 ) 
4 48 49 (-4096 -2620 416 ) (-4152 -2620 416 ) (-4152 -2616 416 ) (-4096 -2616 416 ) 
4 49 56 (-4152 -2616 352 ) (-4096 -2616 352 ) (-4096 -2620 352 ) (-4152 -2620 352 ) 
4 49 50 (-4152 -2620 352 ) (-4152 -2620 416 ) (-4152 -2616 416 ) (-4152 -2616 352 ) 
4 49 54 (-4152 -2620 352 ) (-4096 -2620 352 ) (-4096 -2620 416 ) (-4152 -2620 416 ) 
4 50 56 (-4264 -2616 352 ) (-4152 -2616 352 ) (-4152 -2620 352 ) (-4264 -2620 352 ) 
4 50 52 (-4264 -2620 352 ) (-4264 -2620 416 ) (-4264 -2616 416 ) (-4264 -2616 352 ) 
4 50 51 (-4264 -2620 416 ) (-4264 -2620 544 ) (-4264 -2616 544 ) (-4264 -2616 416 ) 
4 50 54 (-4264 -2620 352 ) (-4152 -2620 352 ) (-4152 -2620 544 ) (-4264 -2620 544 ) 
4 51 54 (-4264 -2620 416 ) (-4264 -2620 544 ) (-4520 -2620 544 ) (-4520 -2620 416 ) 
4 51 53 (-4520 -2620 416 ) (-4520 -2620 544 ) (-4520 -2616 544 ) (-4520 -2616 416 ) 
4 51 52 (-4520 -2620 416 ) (-4520 -2616 416 ) (-4264 -2616 416 ) (-4264 -2620 416 ) 
4 52 56 (-4520 -2616 352 ) (-4264 -2616 352 ) (-4264 -2620 352 ) (-4520 -2620 352 ) 
4 52 54 (-4520 -2620 352 ) (-4264 -2620 352 ) (-4264 -2620 416 ) (-4520 -2620 416 ) 
4 52 53 (-4520 -2620 352 ) (-4520 -2620 416 ) (-4520 -2616 416 ) (-4520 -2616 352 ) 
4 53 56 (-4632 -2620 352 ) (-4632 -2616 352 ) (-4520 -2616 352 ) (-4520 -2620 352 ) 
4 53 54 (-4632 -2620 544 ) (-4632 -2620 352 ) (-4520 -2620 352 ) (-4520 -2620 544 ) 
4 54 56 (-4096 -2656 352 ) (-4632 -2656 352 ) (-4632 -2620 352 ) (-4096 -2620 352 ) 
4 55 84 (-5120 -2624 352 ) (-5120 -2656 352 ) (-5120 -2656 544 ) (-5120 -2624 544 ) 
4 55 77 (-5120 -2616 352 ) (-5120 -2624 352 ) (-5120 -2624 544 ) (-5120 -2616 544 ) 
4 55 58 (-5000 -2656 352 ) (-5120 -2656 352 ) (-5120 -2624 352 ) (-5000 -2624 352 ) 
4 55 57 (-5120 -2624 352 ) (-5120 -2616 352 ) (-5000 -2616 352 ) (-5000 -2624 352 ) 
4 55 56 (-4888 -2656 352 ) (-5000 -2656 352 ) (-5000 -2616 352 ) (-4888 -2616 352 ) 
4 56 64 (-4096 -2656 -32 ) (-4096 -2656 320 ) (-4892 -2656 320 ) (-4892 -2656 -32 ) 
4 56 63 (-4892 -2656 352 ) (-5000 -2656 352 ) (-5000 -2656 320 ) (-4892 -2656 320 ) 
4 56 59 (-5000 -2496 -32 ) (-5000 -2048 -32 ) (-4224 -2048 -32 ) (-4224 -2496 -32 ) 
4 56 58 (-5000 -2656 320 ) (-5000 -2656 352 ) (-5000 -2624 352 ) (-5000 -2624 320 ) 
4 56 57 (-5000 -2048 -32 ) (-5000 -2624 -32 ) (-5000 -2624 352 ) (-5000 -2048 352 ) 
4 57 77 (-5120 -2616 -32 ) (-5120 -2624 -32 ) (-5120 -2624 352 ) (-5120 -2616 352 ) 
4 57 75 (-5120 -2144 -32 ) (-5120 -2616 -32 ) (-5120 -2616 352 ) (-5120 -2144 352 ) 
4 57 73 (-5120 -2096 -32 ) (-5120 -2144 -32 ) (-5120 -2144 352 ) (-5120 -2096 352 ) 
4 57 68 (-5120 -2048 8 ) (-5120 -2048 -32 ) (-5120 -2096 -32 ) (-5120 -2096 8 ) 
4 57 66 (-5120 -2048 352 ) (-5120 -2048 8 ) (-5120 -2096 8 ) (-5120 -2096 352 ) 
4 57 59 (-5120 -2496 -32 ) (-5120 -2048 -32 ) (-5000 -2048 -32 ) (-5000 -2496 -32 ) 
4 57 58 (-5000 -2624 320 ) (-5000 -2624 352 ) (-5120 -2624 352 ) (-5120 -2624 320 ) 
4 58 84 (-5120 -2656 320 ) (-5120 -2656 352 ) (-5120 -2624 352 ) (-5120 -2624 320 ) 
4 58 63 (-5000 -2656 352 ) (-5120 -2656 352 ) (-5120 -2656 320 ) (-5000 -2656 320 ) 
4 59 79 (-5120 -2144 -64 ) (-5120 -2496 -64 ) (-5120 -2496 -32 ) (-5120 -2144 -32 ) 
4 59 74 (-5120 -2096 -64 ) (-5120 -2144 -64 ) (-5120 -2144 -32 ) (-5120 -2096 -32 ) 
4 59 68 (-5120 -2048 -32 ) (-5120 -2048 -64 ) (-5120 -2096 -64 ) (-5120 -2096 -32 ) 
4 59 60 (-5120 -2144 -64 ) (-5120 -2048 -64 ) (-4352 -2048 -64 ) (-4352 -2144 -64 ) 
4 60 74 (-5120 -2096 -72 ) (-5120 -2144 -72 ) (-5120 -2144 -64 ) (-5120 -2096 -64 ) 
4 60 68 (-5120 -2048 -64 ) (-5120 -2048 -72 ) (-5120 -2096 -72 ) (-5120 -2096 -64 ) 
4 61 92 (-4096 -3072 576 ) (-4096 -3072 2560 ) (-5120 -3072 2560 ) (-5120 -3072 576 ) 
4 61 82 (-5120 -3072 576 ) (-5120 -3072 2560 ) (-5120 -2656 2560 ) (-5120 -2656 576 ) 
4 62 93 (-4672 -3072 544 ) (-4892 -3072 544 ) (-4892 -3072 352 ) (-4672 -3072 352 ) 
4 62 94 (-4892 -3072 544 ) (-5120 -3072 544 ) (-5120 -3072 352 ) (-4892 -3072 352 ) 
4 62 86 (-5120 -3072 352 ) (-5120 -3072 544 ) (-5120 -3008 544 ) (-5120 -3008 352 ) 
4 62 63 (-4892 -3072 352 ) (-5120 -3072 352 ) (-5120 -3008 352 ) (-4892 -3008 352 ) 
4 63 94 (-5120 -3072 352 ) (-5120 -3072 320 ) (-4892 -3072 320 ) (-4892 -3072 352 ) 
4 63 85 (-5120 -3008 352 ) (-5120 -2656 352 ) (-5120 -2656 320 ) (-5120 -3008 320 ) 
4 63 86 (-5120 -3072 320 ) (-5120 -3072 352 ) (-5120 -3008 352 ) (-5120 -3008 320 ) 
4 63 65 (-5120 -3072 320 ) (-5120 -2656 320 ) (-5036 -2656 320 ) (-5036 -3072 320 ) 
4 64 97 (-4096 -3072 -32 ) (-4096 -3072 320 ) (-4892 -3072 320 ) (-4892 -3072 -32 ) 
4 65 98 (-5036 -3072 320 ) (-5120 -3072 320 ) (-5120 -3072 -32 ) (-5036 -3072 -32 ) 
4 65 90 (-5120 -3072 -32 ) (-5120 -3072 96 ) (-5120 -2656 96 ) (-5120 -2656 -32 ) 
4 65 89 (-5120 -3072 96 ) (-5120 -3072 320 ) (-5120 -2656 320 ) (-5120 -2656 96 ) 
4 66 73 (-6096 -2096 8 ) (-5120 -2096 8 ) (-5120 -2096 2560 ) (-6096 -2096 2560 ) 
4 66 69 (-5888 -2096 8 ) (-6096 -2096 8 ) (-6096 -2048 8 ) (-5888 -2048 8 ) 
4 66 68 (-5120 -2096 8 ) (-5888 -2096 8 ) (-5888 -2048 8 ) (-5120 -2048 8 ) 
4 66 67 (-6096 -2096 24 ) (-6096 -2096 2560 ) (-6096 -2048 2560 ) (-6096 -2048 24 ) 
4 67 156 (-6144 -2096 24 ) (-6144 -2096 192 ) (-6144 -2048 192 ) (-6144 -2048 24 ) 
4 67 154 (-6144 -2096 192 ) (-6144 -2096 320 ) (-6144 -2048 320 ) (-6144 -2048 192 ) 
4 67 153 (-6144 -2096 320 ) (-6144 -2096 2560 ) (-6144 -2048 2560 ) (-6144 -2048 320 ) 
4 67 73 (-6144 -2096 2560 ) (-6144 -2096 24 ) (-6096 -2096 24 ) (-6096 -2096 2560 ) 
4 68 74 (-5120 -2096 -72 ) (-5120 -2096 -32 ) (-5888 -2096 -32 ) (-5888 -2096 -72 ) 
4 68 73 (-5120 -2096 -32 ) (-5120 -2096 8 ) (-5888 -2096 8 ) (-5888 -2096 -32 ) 
4 68 70 (-5888 -2096 -32 ) (-5888 -2096 -4.689484 ) (-5888 -2048 -4.689487 ) (-5888 -2048 -32 ) 
4 68 69 (-5888 -2096 -4.689484 ) (-5888 -2096 8 ) (-5888 -2048 8 ) (-5888 -2048 -4.689487 ) 
6 69 73 (-5888 -2096 -4.689484 ) (-5888 -2096 8 ) (-6096 -2096 8 ) (-6096 -2096 4.661973 ) (-6005 -2096 -32 ) (-5932 -2096 -32 ) 
4 69 72 (-6096 -2076 8 ) (-6096 -2048 8 ) (-6096 -2048 -72 ) (-6096 -2076 -72 ) 
4 69 71 (-6096 -2096 -72 ) (-6096 -2048 -72 ) (-5996.444336 -2048 -72 ) (-5996.444336 -2096 -72 ) 
4 69 70 (-5932.003418 -2048 -32 ) (-5888 -2048 -4.687104 ) (-5888 -2096 -4.687105 ) (-5932.003418 -2096 -32 ) 
3 70 73 (-5888 -2096 -32 ) (-5888 -2096 -4.689484 ) (-5932 -2096 -32 ) 
4 71 72 (-6096 -2048 -104 ) (-6096 -2076 -104 ) (-6096 -2076 -72 ) (-6096 -2048 -72 ) 
4 73 156 (-6144 -2144 24 ) (-6144 -2144 192 ) (-6144 -2096 192 ) (-6144 -2096 24 ) 
4 73 154 (-6144 -2144 192 ) (-6144 -2144 320 ) (-6144 -2096 320 ) (-6144 -2096 192 ) 
4 73 153 (-6144 -2144 320 ) (-6144 -2144 2560 ) (-6144 -2096 2560 ) (-6144 -2096 320 ) 
5 73 75 (-5120 -2144 -32 ) (-5120 -2144 2560 ) (-6104 -2144 2560 ) (-6104 -2144 7.884892 ) (-6005 -2144 -32 ) 
4 73 78 (-6104 -2144 2560 ) (-6144 -2144 2560 ) (-6144 -2144 24 ) (-6104 -2144 7.884892 ) 
4 73 74 (-5120 -2144 -32 ) (-5888 -2144 -32 ) (-5888 -2096 -32 ) (-5120 -2096 -32 ) 
4 74 79 (-5120 -2144 -64 ) (-5120 -2144 -32 ) (-5888 -2144 -32 ) (-5888 -2144 -64 ) 
4 75 79 (-6104 -2496 -32 ) (-6104 -2144 -32 ) (-5120 -2144 -32 ) (-5120 -2496 -32 ) 
4 75 76 (-6104 -2616 2560 ) (-6104 -2616 608 ) (-5120 -2616 608 ) (-5120 -2616 2560 ) 
4 75 77 (-6104 -2616 544 ) (-6104 -2616 -32 ) (-5120 -2616 -32 ) (-5120 -2616 544 ) 
4 75 78 (-6104 -2144 -32 ) (-6104 -2616 -32 ) (-6104 -2616 2560 ) (-6104 -2144 2560 ) 
4 76 80 (-5120 -2624 608 ) (-5120 -2624 2560 ) (-6104 -2624 2560 ) (-6104 -2624 608 ) 
4 76 78 (-6104 -2624 608 ) (-6104 -2624 2560 ) (-6104 -2616 2560 ) (-6104 -2616 608 ) 
4 77 91 (-5760 -2624 96 ) (-5824 -2624 96 ) (-5824 -2624 -32 ) (-5760 -2624 -32 ) 
4 77 87 (-5228 -2624 544 ) (-5280 -2624 544 ) (-5280 -2624 320 ) (-5228 -2624 320 ) 
4 77 88 (-5280 -2624 544 ) (-6104 -2624 544 ) (-6104 -2624 320 ) (-5280 -2624 320 ) 
4 77 84 (-5120 -2624 320 ) (-5120 -2624 544 ) (-5228 -2624 544 ) (-5228 -2624 320 ) 
4 77 78 (-6104 -2616 -32 ) (-6104 -2624 -32 ) (-6104 -2624 544 ) (-6104 -2616 544 ) 
4 78 159 (-6144 -2624 -32 ) (-6144 -2624 192 ) (-6144 -2560 192 ) (-6144 -2560 -32 ) 
4 78 157 (-6144 -2560 192 ) (-6144 -2144 192 ) (-6144 -2144 -32 ) (-6144 -2560 -32 ) 
4 78 154 (-6144 -2624 192 ) (-6144 -2624 320 ) (-6144 -2144 320 ) (-6144 -2144 192 ) 
4 78 153 (-6144 -2624 320 ) (-6144 -2624 2560 ) (-6144 -2144 2560 ) (-6144 -2144 320 ) 
4 78 88 (-6144 -2624 544 ) (-6144 -2624 320 ) (-6104 -2624 320 ) (-6104 -2624 544 ) 
4 78 81 (-6104 -2624 2560 ) (-6144 -2624 2560 ) (-6144 -2624 544 ) (-6104 -2624 544 ) 
4 78 79 (-6144 -2496 -32 ) (-6144 -2144 -32 ) (-6104 -2144 -32 ) (-6104 -2496 -32 ) 
4 79 157 (-6144 -2496 -32 ) (-6144 -2144 -32 ) (-6144 -2144 -64 ) (-6144 -2496 -64 ) 
4 80 82 (-5120 -2656 608 ) (-5120 -2656 2560 ) (-5280 -2656 2560 ) (-5280 -2656 608 ) 
4 80 83 (-5280 -2656 2560 ) (-6104 -2656 2560 ) (-6104 -2656 608 ) (-5280 -2656 608 ) 
4 80 81 (-6104 -2656 608 ) (-6104 -2656 2560 ) (-6104 -2624 2560 ) (-6104 -2624 608 ) 
4 81 153 (-6144 -2624 2560 ) (-6144 -2624 544 ) (-6144 -2656 544 ) (-6144 -2656 2560 ) 
4 81 88 (-6144 -2656 544 ) (-6144 -2624 544 ) (-6104 -2624 544 ) (-6104 -2656 544 ) 
4 81 83 (-6144 -2656 544 ) (-6104 -2656 544 ) (-6104 -2656 2560 ) (-6144 -2656 2560 ) 
4 82 99 (-5120 -3072 576 ) (-5120 -3072 2560 ) (-5280 -3072 2560 ) (-5280 -3072 576 ) 
4 82 83 (-5280 -3072 2560 ) (-5280 -2656 2560 ) (-5280 -2656 576 ) (-5280 -3072 576 ) 
4 83 153 (-6144 -3072 544 ) (-6144 -3072 2560 ) (-6144 -2656 2560 ) (-6144 -2656 544 ) 
4 83 100 (-6144 -3072 576 ) (-6144 -3072 544 ) (-5280 -3072 544 ) (-5280 -3072 576 ) 
4 83 99 (-5280 -3072 2560 ) (-6144 -3072 2560 ) (-6144 -3072 576 ) (-5280 -3072 576 ) 
4 83 88 (-5280 -3072 544 ) (-6144 -3072 544 ) (-6144 -2656 544 ) (-5280 -2656 544 ) 
4 84 87 (-5228 -2624 320 ) (-5228 -2656 320 ) (-5228 -2656 544 ) (-5228 -2624 544 ) 
4 84 85 (-5228 -2656 352 ) (-5228 -2656 320 ) (-5120 -2656 320 ) (-5120 -2656 352 ) 
4 85 89 (-5120 -2656 320 ) (-5120 -3008 320 ) (-5228 -3008 320 ) (-5228 -2656 320 ) 
4 85 86 (-5228 -3008 352 ) (-5228 -3008 320 ) (-5120 -3008 320 ) (-5120 -3008 352 ) 
4 86 101 (-5120 -3072 320 ) (-5120 -3072 544 ) (-5228 -3072 544 ) (-5228 -3072 320 ) 
4 86 89 (-5120 -3008 320 ) (-5120 -3072 320 ) (-5228 -3072 320 ) (-5228 -3008 320 ) 
4 87 88 (-5280 -2624 320 ) (-5280 -2656 320 ) (-5280 -2656 544 ) (-5280 -2624 544 ) 
4 88 153 (-6144 -3072 320 ) (-6144 -3072 544 ) (-6144 -2624 544 ) (-6144 -2624 320 ) 
4 88 102 (-5280 -3072 544 ) (-6144 -3072 544 ) (-6144 -3072 320 ) (-5280 -3072 320 ) 
4 89 111 (-5120 -3072 96 ) (-5120 -3072 320 ) (-5228 -3072 320 ) (-5228 -3072 96 ) 
4 89 90 (-5120 -3072 96 ) (-5228 -3072 96 ) (-5228 -2656 96 ) (-5120 -2656 96 ) 
4 90 112 (-5120 -3072 -32 ) (-5120 -3072 96 ) (-5228 -3072 96 ) (-5228 -3072 -32 ) 
4 92 99 (-5120 -3072 2560 ) (-5120 -3072 576 ) (-5120 -3328 576 ) (-5120 -3328 2560 ) 
4 92 96 (-4864 -3328 576 ) (-4096 -3328 576 ) (-4096 -3328 712 ) (-4864 -3328 712 ) 
4 92 95 (-5120 -3328 2560 ) (-5120 -3328 712 ) (-4096 -3328 712 ) (-4096 -3328 2560 ) 
4 93 94 (-4892 -3136 352 ) (-4892 -3136 544 ) (-4892 -3072 544 ) (-4892 -3072 352 ) 
4 94 101 (-5120 -3072 544 ) (-5120 -3072 320 ) (-5120 -3136 320 ) (-5120 -3136 544 ) 
4 94 98 (-5120 -3072 320 ) (-5036 -3072 320 ) (-5036 -3136 320 ) (-5120 -3136 320 ) 
4 95 104 (-5120 -4096 712 ) (-5120 -4096 2560 ) (-5120 -3328 2560 ) (-5120 -3328 712 ) 
4 95 96 (-4096 -4096 712 ) (-4864 -4096 712 ) (-4864 -3328 712 ) (-4096 -3328 712 ) 
4 98 112 (-5120 -3072 96 ) (-5120 -3072 -32 ) (-5120 -3136 -32 ) (-5120 -3136 96 ) 
4 98 111 (-5120 -3072 320 ) (-5120 -3072 96 ) (-5120 -3136 96 ) (-5120 -3136 320 ) 
4 99 182 (-6144 -3072 768 ) (-6144 -3072 576 ) (-6144 -3328 576 ) (-6144 -3328 768 ) 
4 99 181 (-6144 -3072 2560 ) (-6144 -3072 768 ) (-6144 -3328 768 ) (-6144 -3328 2560 ) 
4 99 109 (-6144 -3328 768 ) (-6144 -3328 576 ) (-5888 -3328 576 ) (-5888 -3328 768 ) 
4 99 107 (-5888 -3328 576 ) (-5728 -3328 576 ) (-5728 -3328 768 ) (-5888 -3328 768 ) 
4 99 106 (-6144 -3328 2560 ) (-6144 -3328 768 ) (-5728 -3328 768 ) (-5728 -3328 2560 ) 
4 99 105 (-5248 -3328 832 ) (-5248 -3328 2560 ) (-5728 -3328 2560 ) (-5728 -3328 832 ) 
4 99 104 (-5120 -3328 712 ) (-5120 -3328 2560 ) (-5248 -3328 2560 ) (-5248 -3328 712 ) 
4 99 100 (-5280 -3328 576 ) (-6144 -3328 576 ) (-6144 -3072 576 ) (-5280 -3072 576 ) 
4 100 182 (-6144 -3072 576 ) (-6144 -3072 544 ) (-6144 -3328 544 ) (-6144 -3328 576 ) 
4 100 109 (-6144 -3328 576 ) (-6144 -3328 544 ) (-5888 -3328 544 ) (-5888 -3328 576 ) 
4 100 107 (-5888 -3328 544 ) (-5728 -3328 544 ) (-5728 -3328 576 ) (-5888 -3328 576 ) 
4 100 103 (-5280 -3328 544 ) (-6144 -3328 544 ) (-6144 -3136 544 ) (-5280 -3136 544 ) 
4 100 102 (-6144 -3136 544 ) (-6144 -3072 544 ) (-5280 -3072 544 ) (-5280 -3136 544 ) 
4 101 111 (-5120 -3072 320 ) (-5120 -3136 320 ) (-5228 -3136 320 ) (-5228 -3072 320 ) 
4 102 182 (-6144 -3072 544 ) (-6144 -3072 320 ) (-6144 -3136 320 ) (-6144 -3136 544 ) 
4 102 103 (-6144 -3136 320 ) (-5280 -3136 320 ) (-5280 -3136 544 ) (-6144 -3136 544 ) 
4 103 182 (-6144 -3136 320 ) (-6144 -3328 320 ) (-6144 -3328 544 ) (-6144 -3136 544 ) 
4 103 110 (-6144 -3328 512 ) (-6144 -3328 320 ) (-5728 -3328 320 ) (-5728 -3328 512 ) 
4 103 109 (-6144 -3328 544 ) (-6144 -3328 512 ) (-5888 -3328 512 ) (-5888 -3328 544 ) 
4 103 107 (-5888 -3328 512 ) (-5728 -3328 512 ) (-5728 -3328 544 ) (-5888 -3328 544 ) 
4 104 105 (-5248 -3328 2560 ) (-5248 -3328 832 ) (-5248 -4096 832 ) (-5248 -4096 2560 ) 
4 105 106 (-5728 -3328 2560 ) (-5728 -3328 832 ) (-5728 -4096 832 ) (-5728 -4096 2560 ) 
4 106 185 (-6144 -4096 768 ) (-6144 -4096 2560 ) (-6144 -3584 2560 ) (-6144 -3584 768 ) 
4 106 181 (-6144 -3584 2560 ) (-6144 -3328 2560 ) (-6144 -3328 768 ) (-6144 -3584 768 ) 
4 106 109 (-6144 -3392 768 ) (-6144 -3328 768 ) (-5888 -3328 768 ) (-5888 -3392 768 ) 
4 106 108 (-5728 -3968 768 ) (-5728 -4096 768 ) (-5888 -4096 768 ) (-5888 -3968 768 ) 
4 106 107 (-5888 -3328 768 ) (-5728 -3328 768 ) (-5728 -3392 768 ) (-5888 -3392 768 ) 
4 107 110 (-5888 -3328 512 ) (-5728 -3328 512 ) (-5728 -3392 512 ) (-5888 -3392 512 ) 
4 107 109 (-5888 -3328 512 ) (-5888 -3392 512 ) (-5888 -3392 768 ) (-5888 -3328 768 ) 
4 109 182 (-6144 -3392 768 ) (-6144 -3328 768 ) (-6144 -3328 512 ) (-6144 -3392 512 ) 
4 109 110 (-6144 -3328 512 ) (-5888 -3328 512 ) (-5888 -3392 512 ) (-6144 -3392 512 ) 
4 110 182 (-6144 -3392 512 ) (-6144 -3328 512 ) (-6144 -3328 320 ) (-6144 -3392 320 ) 
4 111 112 (-5228 -3136 96 ) (-5228 -3072 96 ) (-5120 -3072 96 ) (-5120 -3136 96 ) 
4 113 118 (-9216 448 -512 ) (-9216 320 -512 ) (-9216 320 -256 ) (-9216 448 -256 ) 
4 113 114 (-8988 320 -512 ) (-8932 320 -512 ) (-8932 320 -400 ) (-8988 320 -400 ) 
4 114 115 (-8932 313 -512 ) (-8932 313 -400 ) (-8988 313 -400 ) (-8988 313 -512 ) 
4 115 116 (-8932 312 -512 ) (-8932 312 -400 ) (-8988 312 -400 ) (-8988 312 -512 ) 
4 116 117 (-8988 304 -400 ) (-8988 304 -512 ) (-8932 304 -512 ) (-8932 304 -400 ) 
4 117 195 (-9024 0 -320 ) (-9024 0 -512 ) (-8896 0 -512 ) (-8896 0 -320 ) 
4 119 138 (-6912 -1024 2560 ) (-7168 -1024 2560 ) (-7168 -1024 572 ) (-6912 -1024 572 ) 
4 119 135 (-6144 -1024 572 ) (-6144 -1024 2560 ) (-6912 -1024 2560 ) (-6912 -1024 572 ) 
4 119 130 (-7168 -1024 572 ) (-7168 -1024 2560 ) (-7168 -832 2560 ) (-7168 -832 572 ) 
4 119 129 (-7168 -832 2560 ) (-7168 -768 2560 ) (-7168 -768 572 ) (-7168 -832 572 ) 
4 119 122 (-6400 -960 572 ) (-6144 -960 572 ) (-6144 -1024 572 ) (-6400 -1024 572 ) 
4 119 121 (-6912 -832 572 ) (-6144 -832 572 ) (-6144 -960 572 ) (-6912 -960 572 ) 
4 119 120 (-7168 -832 572 ) (-7168 -768 572 ) (-6144 -768 572 ) (-6144 -832 572 ) 
4 120 129 (-7168 -832 572 ) (-7168 -768 572 ) (-7168 -768 448 ) (-7168 -832 448 ) 
4 120 125 (-7168 -832 448 ) (-7168 -768 448 ) (-6912 -768 448 ) (-6912 -832 448 ) 
4 120 123 (-6368 -768 448 ) (-6144 -768 448 ) (-6144 -832 448 ) (-6368 -832 448 ) 
4 120 121 (-6912 -832 448 ) (-6144 -832 448 ) (-6144 -832 572 ) (-6912 -832 572 ) 
4 121 123 (-6368 -832 448 ) (-6144 -832 448 ) (-6144 -960 448 ) (-6368 -960 448 ) 
4 121 122 (-6400 -960 448 ) (-6144 -960 448 ) (-6144 -960 572 ) (-6400 -960 572 ) 
4 122 136 (-6144 -1024 448 ) (-6144 -1024 572 ) (-6400 -1024 572 ) (-6400 -1024 448 ) 
4 122 124 (-6144 -1024 448 ) (-6400 -1024 448 ) (-6400 -960 448 ) (-6144 -960 448 ) 
4 123 124 (-6368 -960 320 ) (-6144 -960 320 ) (-6144 -960 448 ) (-6368 -960 448 ) 
4 124 136 (-6144 -1024 320 ) (-6144 -1024 448 ) (-6400 -1024 448 ) (-6400 -1024 320 ) 
4 125 129 (-7168 -832 448 ) (-7168 -768 448 ) (-7168 -768 320 ) (-7168 -832 320 ) 
4 126 131 (-8048 -640 -128 ) (-7952 -640 -128 ) (-7952 -640 -8 ) (-8048 -640 -8 ) 
4 126 127 (-8064 -512 -8 ) (-8064 -512 -128 ) (-8064 -576 -128 ) (-8064 -576 -8 ) 
4 127 196 (-8192 -512 -128 ) (-8192 -576 -128 ) (-8192 -576 -93.332954 ) (-8192 -512 -93.333008 ) 
4 127 128 (-8192 -576 -128 ) (-8192 -512 -128 ) (-8064 -512 -128 ) (-8064 -576 -128 ) 
4 128 197 (-8192 -576 -213.333252 ) (-8192 -576 -136 ) (-8192 -512 -136 ) (-8192 -512 -213.333145 ) 
4 128 196 (-8192 -576 -136 ) (-8192 -576 -128 ) (-8192 -512 -128 ) (-8192 -512 -136 ) 
4 129 132 (-7808 -768 320 ) (-7808 -832 320 ) (-7808 -832 2560 ) (-7808 -768 2560 ) 
4 129 130 (-7168 -832 572 ) (-7168 -832 2560 ) (-7808 -832 2560 ) (-7808 -832 572 ) 
4 130 143 (-7168 -1024 572 ) (-7168 -1024 2560 ) (-7808 -1024 2560 ) (-7808 -1024 572 ) 
4 130 132 (-7808 -1024 572 ) (-7808 -1024 2560 ) (-7808 -832 2560 ) (-7808 -832 572 ) 
4 131 134 (-8048 -656 -128 ) (-7952 -656 -128 ) (-7952 -656 -64 ) (-8048 -656 -64 ) 
4 131 133 (-7952 -656 -64 ) (-7952 -656 0 ) (-8048 -656 0 ) (-8048 -656 -64 ) 
4 132 202 (-8192 -1024 320 ) (-8192 -1024 2560 ) (-8192 -768 2560 ) (-8192 -768 320 ) 
4 132 146 (-8192 -1024 2560 ) (-8192 -1024 320 ) (-7808 -1024 320 ) (-7808 -1024 2560 ) 
4 132 133 (-7808 -768 320 ) (-7808 -1024 320 ) (-8192 -1024 320 ) (-8192 -768 320 ) 
4 133 147 (-7888 -1024 -64 ) (-7808 -1024 -64 ) (-7808 -1024 288 ) (-7888 -1024 288 ) 
4 133 148 (-8192 -1024 288 ) (-8192 -1024 -64 ) (-7888 -1024 -64 ) (-7888 -1024 288 ) 
4 133 146 (-8192 -1024 320 ) (-8192 -1024 288 ) (-7808 -1024 288 ) (-7808 -1024 320 ) 
4 133 134 (-8064 -656 -64 ) (-7936 -656 -64 ) (-7936 -960 -64 ) (-8064 -960 -64 ) 
4 135 153 (-6144 -2048 572 ) (-6144 -2048 2560 ) (-6912 -2048 2560 ) (-6912 -2048 572 ) 
4 135 138 (-6912 -2048 572 ) (-6912 -2048 2560 ) (-6912 -1024 2560 ) (-6912 -1024 572 ) 
4 135 137 (-6400 -2048 572 ) (-6912 -2048 572 ) (-6912 -1536 572 ) (-6400 -1408 572 ) 
4 135 136 (-6144 -2048 572 ) (-6400 -2048 572 ) (-6400 -1024 572 ) (-6144 -1024 572 ) 
4 136 153 (-6144 -2048 320 ) (-6144 -2048 572 ) (-6400 -2048 572 ) (-6400 -2048 320 ) 
4 136 141 (-6144 -2048 320 ) (-6240 -2048 320 ) (-6240 -2000 320 ) (-6144 -2000 320 ) 
4 136 140 (-6240 -2000 320 ) (-6240 -1344 320 ) (-6144 -1344 320 ) (-6144 -2000 320 ) 
4 136 142 (-6240 -2048 320 ) (-6400 -2048 320 ) (-6400 -1344 320 ) (-6240 -1344 320 ) 
4 136 137 (-6400 -1408 320 ) (-6400 -2048 320 ) (-6400 -2048 572 ) (-6400 -1408 572 ) 
4 137 153 (-6400 -2048 572 ) (-6912 -2048 572 ) (-6912 -2048 320 ) (-6400 -2048 320 ) 
4 137 142 (-6400 -2048 320 ) (-6912 -2048 320 ) (-6912 -1536 320 ) (-6400 -1408 320 ) 
4 137 139 (-6912 -1536 320 ) (-6912 -2048 320 ) (-6912 -2048 572 ) (-6912 -1536 572 ) 
4 138 153 (-7168 -2048 2560 ) (-7168 -2048 572 ) (-6912 -2048 572 ) (-6912 -2048 2560 ) 
4 138 143 (-7168 -1024 2560 ) (-7168 -1024 572 ) (-7168 -2048 572 ) (-7168 -2048 2560 ) 
4 138 139 (-7168 -2048 572 ) (-7168 -1536 572 ) (-6912 -1536 572 ) (-6912 -2048 572 ) 
4 139 153 (-7168 -2048 572 ) (-7168 -2048 320 ) (-6912 -2048 320 ) (-6912 -2048 572 ) 
4 139 144 (-7168 -1536 320 ) (-7168 -2048 320 ) (-7168 -2048 572 ) (-7168 -1536 572 ) 
4 139 142 (-6912 -2048 320 ) (-7168 -2048 320 ) (-7168 -1536 320 ) (-6912 -1536 320 ) 
4 140 141 (-6240 -2000 320 ) (-6240 -2000 24 ) (-6144 -2000 24 ) (-6144 -2000 320 ) 
4 140 142 (-6240 -1344 320 ) (-6240 -1344 -64 ) (-6240 -2000 -64 ) (-6240 -2000 320 ) 
4 141 156 (-6144 -2048 24 ) (-6144 -2048 192 ) (-6240 -2048 192 ) (-6240 -2048 24 ) 
4 141 154 (-6144 -2048 192 ) (-6144 -2048 320 ) (-6240 -2048 320 ) (-6240 -2048 192 ) 
4 141 142 (-6240 -2048 24 ) (-6240 -2048 320 ) (-6240 -2000 320 ) (-6240 -2000 24 ) 
4 142 158 (-7168 -2048 192 ) (-7168 -2048 -64 ) (-6240 -2048 -64 ) (-6240 -2048 192 ) 
4 142 155 (-6912 -2048 320 ) (-7168 -2048 320 ) (-7168 -2048 192 ) (-6912 -2048 192 ) 
4 142 154 (-6240 -2048 320 ) (-6912 -2048 320 ) (-6912 -2048 192 ) (-6240 -2048 192 ) 
4 142 145 (-7168 -1344 -64 ) (-7168 -2048 -64 ) (-7168 -2048 320 ) (-7168 -1344 320 ) 
4 143 163 (-7168 -2048 572 ) (-7168 -2048 2560 ) (-7808 -2048 2560 ) (-7808 -2048 572 ) 
4 143 146 (-7808 -2048 572 ) (-7808 -2048 2560 ) (-7808 -1024 2560 ) (-7808 -1024 572 ) 
4 143 144 (-7168 -2048 572 ) (-7808 -2048 572 ) (-7808 -1536 572 ) (-7168 -1536 572 ) 
4 144 163 (-7168 -2048 320 ) (-7168 -2048 572 ) (-7808 -2048 572 ) (-7808 -2048 320 ) 
4 144 146 (-7808 -2048 320 ) (-7808 -2048 572 ) (-7808 -1536 572 ) (-7808 -1536 320 ) 
4 144 145 (-7808 -2048 320 ) (-7808 -1536 320 ) (-7168 -1536 320 ) (-7168 -2048 320 ) 
4 145 171 (-7168 -2048 -64 ) (-7168 -2048 -12 ) (-7808 -2048 -12 ) (-7808 -2048 -64 ) 
4 145 164 (-7168 -2048 -12 ) (-7168 -2048 113 ) (-7808 -2048 113 ) (-7808 -2048 -12 ) 
4 145 163 (-7168 -2048 113 ) (-7168 -2048 320 ) (-7808 -2048 320 ) (-7808 -2048 113 ) 
4 145 149 (-7808 -2048 -64 ) (-7808 -2048 288 ) (-7808 -1344 288 ) (-7808 -1344 -64 ) 
4 145 146 (-7808 -2048 288 ) (-7808 -2048 320 ) (-7808 -1344 320 ) (-7808 -1344 288 ) 
4 146 204 (-8192 -2048 288 ) (-8192 -2048 320 ) (-8192 -1792 320 ) (-8192 -1792 288 ) 
4 146 203 (-8192 -2048 320 ) (-8192 -2048 2560 ) (-8192 -1024 2560 ) (-8192 -1024 320 ) 
4 146 163 (-7808 -2048 288 ) (-7808 -2048 2560 ) (-8192 -2048 2560 ) (-8192 -2048 288 ) 
4 146 150 (-7904 -1344 288 ) (-7840 -1344 288 ) (-7840 -1536 288 ) (-7904 -1536 288 ) 
4 146 151 (-7840 -1600 288 ) (-7840 -2048 288 ) (-7904 -2048 288 ) (-7904 -1600 288 ) 
4 146 149 (-7840 -1344 288 ) (-7808 -1344 288 ) (-7808 -2048 288 ) (-7840 -2048 288 ) 
4 146 152 (-8192 -2048 288 ) (-8192 -1344 288 ) (-7904 -1344 288 ) (-7904 -2048 288 ) 
4 146 147 (-7888 -1024 288 ) (-7808 -1024 288 ) (-7808 -1280 288 ) (-7888 -1280 288 ) 
4 146 148 (-8192 -1344 288 ) (-8192 -1024 288 ) (-7888 -1024 288 ) (-7888 -1344 288 ) 
4 147 148 (-7888 -1024 -64 ) (-7888 -1280 -64 ) (-7888 -1280 288 ) (-7888 -1024 288 ) 
4 148 150 (-7904 -1344 -64 ) (-7888 -1344 -64 ) (-7888 -1344 288 ) (-7904 -1344 288 ) 
4 148 152 (-8192 -1344 -64 ) (-7904 -1344 -64 ) (-7904 -1344 288 ) (-8192 -1344 288 ) 
4 149 171 (-7808 -2048 -64 ) (-7808 -2048 -12 ) (-7840 -2048 -12 ) (-7840 -2048 -64 ) 
4 149 164 (-7808 -2048 -12 ) (-7808 -2048 113 ) (-7840 -2048 113 ) (-7840 -2048 -12 ) 
4 149 163 (-7808 -2048 113 ) (-7808 -2048 288 ) (-7840 -2048 288 ) (-7840 -2048 113 ) 
4 149 150 (-7840 -1344 288 ) (-7840 -1344 -64 ) (-7840 -1536 -64 ) (-7840 -1536 288 ) 
4 149 151 (-7840 -1600 -64 ) (-7840 -2048 -64 ) (-7840 -2048 288 ) (-7840 -1600 288 ) 
4 150 152 (-7904 -1344 288 ) (-7904 -1344 -64 ) (-7904 -1536 -64 ) (-7904 -1536 288 ) 
4 151 171 (-7904 -2048 -12 ) (-7904 -2048 -64 ) (-7840 -2048 -64 ) (-7840 -2048 -12 ) 
4 151 164 (-7904 -2048 113 ) (-7904 -2048 -12 ) (-7840 -2048 -12 ) (-7840 -2048 113 ) 
4 151 163 (-7840 -2048 288 ) (-7904 -2048 288 ) (-7904 -2048 113 ) (-7840 -2048 113 ) 
4 151 152 (-7904 -1600 -64 ) (-7904 -2048 -64 ) (-7904 -2048 288 ) (-7904 -1600 288 ) 
4 152 206 (-8192 -2048 -64 ) (-8192 -2048 192 ) (-8192 -1792 192 ) (-8192 -1792 -64 ) 
4 152 204 (-8192 -2048 192 ) (-8192 -2048 288 ) (-8192 -1792 288 ) (-8192 -1792 192 ) 
4 152 171 (-8192 -2048 -12 ) (-8192 -2048 -64 ) (-7904 -2048 -64 ) (-7904 -2048 -12 ) 
4 152 164 (-8192 -2048 113 ) (-8192 -2048 -12 ) (-7904 -2048 -12 ) (-7904 -2048 113 ) 
4 152 163 (-7904 -2048 288 ) (-8192 -2048 288 ) (-8192 -2048 113 ) (-7904 -2048 113 ) 
4 153 184 (-6784 -3072 2560 ) (-7168 -3072 2560 ) (-7168 -3072 320 ) (-6784 -3072 320 ) 
4 153 183 (-6272 -3072 2560 ) (-6784 -3072 2560 ) (-6784 -3072 704 ) (-6272 -3072 704 ) 
4 153 182 (-6144 -3072 320 ) (-6144 -3072 768 ) (-6272 -3072 768 ) (-6272 -3072 320 ) 
4 153 181 (-6144 -3072 768 ) (-6144 -3072 2560 ) (-6272 -3072 2560 ) (-6272 -3072 768 ) 
4 153 173 (-7168 -3072 320 ) (-7168 -3072 2560 ) (-7168 -2944 2560 ) (-7168 -2944 320 ) 
4 153 163 (-7168 -2944 2560 ) (-7168 -2048 2560 ) (-7168 -2048 320 ) (-7168 -2944 320 ) 
4 153 155 (-7168 -2944 320 ) (-7168 -2048 320 ) (-6912 -2048 320 ) (-6912 -2944 320 ) 
4 153 154 (-6912 -2048 320 ) (-6144 -2048 320 ) (-6144 -2736 320 ) (-6912 -2736 320 ) 
4 154 159 (-6176 -2566 192 ) (-6144 -2560 192 ) (-6144 -2624 192 ) (-6176 -2624 192 ) 
4 154 160 (-6912 -2736 192 ) (-6912 -2704 192 ) (-6176 -2566 192 ) (-6176 -2736 192 ) 
4 154 156 (-6240 -2048 192 ) (-6144 -2048 192 ) (-6144 -2144 192 ) (-6240 -2144 192 ) 
4 154 157 (-6144 -2144 192 ) (-6144 -2560 192 ) (-6240 -2578 192 ) (-6240 -2144 192 ) 
4 154 158 (-6912 -2704 192 ) (-6912 -2048 192 ) (-6240 -2048 192 ) (-6240 -2578 192 ) 
4 154 155 (-6912 -2048 192 ) (-6912 -2736 192 ) (-6912 -2736 320 ) (-6912 -2048 320 ) 
4 155 163 (-7168 -2944 320 ) (-7168 -2048 320 ) (-7168 -2048 192 ) (-7168 -2944 192 ) 
4 155 161 (-7168 -2944 192 ) (-7168 -2736 192 ) (-6912 -2736 192 ) (-6912 -2944 192 ) 
3 155 160 (-6912 -2704 192 ) (-6912 -2736 192 ) (-7082.667480 -2736 192 ) 
5 155 158 (-7168 -2736 192 ) (-7168 -2048 192 ) (-6912 -2048 192 ) (-6912 -2704 192 ) (-7082.667480 -2736 192 ) 
4 156 157 (-6240 -2144 192 ) (-6240 -2144 24 ) (-6144 -2144 24 ) (-6144 -2144 192 ) 
4 156 158 (-6240 -2144 24 ) (-6240 -2144 192 ) (-6240 -2048 192 ) (-6240 -2048 24 ) 
4 157 159 (-6176 -2566 -64 ) (-6144 -2560 -64 ) (-6144 -2560 192 ) (-6176 -2566 192 ) 
4 157 160 (-6240 -2578 -64 ) (-6176 -2566 -64 ) (-6176 -2566 192 ) (-6240 -2578 192 ) 
4 157 158 (-6240 -2144 -64 ) (-6240 -2577.996094 -64 ) (-6240 -2577.996094 192 ) (-6240 -2144 192 ) 
4 158 171 (-7168 -2048 -12 ) (-7168 -2048 -64 ) (-7168 -2736 -64 ) (-7168 -2736 -12 ) 
4 158 168 (-7168 -2694 -12 ) (-7168 -2733 -12 ) (-7168 -2733 113 ) (-7168 -2694 113 ) 
4 158 167 (-7168 -2610 -12 ) (-7168 -2694 -12 ) (-7168 -2694 113 ) (-7168 -2610 113 ) 
4 158 170 (-7168 -2733 -12 ) (-7168 -2736 -12 ) (-7168 -2736 113 ) (-7168 -2733 113 ) 
4 158 165 (-7168 -2571 -12 ) (-7168 -2610 -12 ) (-7168 -2610 113 ) (-7168 -2571 113 ) 
4 158 164 (-7168 -2048 113 ) (-7168 -2048 -12 ) (-7168 -2571 -12 ) (-7168 -2571 113 ) 
4 158 163 (-7168 -2736 192 ) (-7168 -2048 192 ) (-7168 -2048 113 ) (-7168 -2736 113 ) 
4 158 161 (-7082.667480 -2736 -64 ) (-7082.667480 -2736 192 ) (-7168 -2736 192 ) (-7168 -2736 -64 ) 
4 158 160 (-7082.667969 -2736 192 ) (-7082.667969 -2736 -64 ) (-6240 -2578 -64 ) (-6240 -2578 192 ) 
4 159 160 (-6176 -2565.996094 192 ) (-6176 -2565.996094 -72 ) (-6176 -2624 -72 ) (-6176 -2624 192 ) 
4 160 162 (-7082.667480 -2736 -72 ) (-6912 -2736 -72 ) (-6912 -2736 -64 ) (-7082.667480 -2736 -64 ) 
4 160 161 (-6912 -2736 -64 ) (-6912 -2736 192 ) (-7082.667480 -2736 192 ) (-7082.667480 -2736 -64 ) 
4 161 171 (-7168 -2736 -12 ) (-7168 -2736 -64 ) (-7168 -2944 -64 ) (-7168 -2944 -12 ) 
4 161 170 (-7168 -2736 113 ) (-7168 -2736 -12 ) (-7168 -2944 -12 ) (-7168 -2944 113 ) 
4 161 163 (-7168 -2944 192 ) (-7168 -2736 192 ) (-7168 -2736 113 ) (-7168 -2944 113 ) 
5 161 162 (-7082.667480 -2736 -64 ) (-6912 -2736 -64 ) (-6912 -2944 -64 ) (-7168 -2944 -64 ) (-7168 -2752 -64 ) 
4 162 172 (-7168 -2752 -72 ) (-7168 -2944 -72 ) (-7168 -2944 -64 ) (-7168 -2752 -64 ) 
4 163 215 (-8192 -2944 113 ) (-8192 -2944 192 ) (-8192 -2648 192 ) (-8192 -2648 113 ) 
4 163 211 (-8192 -2648 192 ) (-8192 -2601 192 ) (-8192 -2601 113 ) (-8192 -2648 113 ) 
4 163 210 (-8192 -2601 192 ) (-8192 -2048 192 ) (-8192 -2048 113 ) (-8192 -2601 113 ) 
4 163 209 (-8192 -2944 192 ) (-8192 -2944 2560 ) (-8192 -2048 2560 ) (-8192 -2048 192 ) 
4 163 179 (-8192 -2944 288 ) (-8192 -2944 113 ) (-8128 -2944 113 ) (-8128 -2944 288 ) 
4 163 177 (-8064 -2944 113 ) (-7936 -2944 113 ) (-7936 -2944 288 ) (-8064 -2944 288 ) 
4 163 176 (-7872 -2944 113 ) (-7808 -2944 113 ) (-7808 -2944 288 ) (-7872 -2944 288 ) 
4 163 174 (-8192 -2944 2560 ) (-8192 -2944 288 ) (-7808 -2944 288 ) (-7808 -2944 2560 ) 
4 163 173 (-7168 -2944 320 ) (-7168 -2944 2560 ) (-7808 -2944 2560 ) (-7808 -2944 320 ) 
4 163 169 (-8192 -2733 113 ) (-8192 -2694 113 ) (-7853 -2694 113 ) (-7841 -2733 113 ) 
4 163 168 (-7852 -2694 113 ) (-7168 -2694 113 ) (-7168 -2733 113 ) (-7840 -2733 113 ) 
4 163 167 (-8192 -2694 113 ) (-8192 -2610 113 ) (-7168 -2610 113 ) (-7168 -2694 113 ) 
4 163 170 (-7168 -2944 113 ) (-8192 -2944 113 ) (-8192 -2733 113 ) (-7168 -2733 113 ) 
4 163 166 (-8192 -2610 113 ) (-8192 -2571 113 ) (-7316 -2571 113 ) (-7312 -2610 113 ) 
4 163 165 (-7315 -2571 113 ) (-7168 -2571 113 ) (-7168 -2610 113 ) (-7311 -2610 113 ) 
4 163 164 (-8192 -2571 113 ) (-8192 -2048 113 ) (-7168 -2048 113 ) (-7168 -2571 113 ) 
4 164 210 (-8192 -2571 113 ) (-8192 -2048 113 ) (-8192 -2048 -12 ) (-8192 -2571 -12 ) 
4 164 171 (-8192 -2571 -12 ) (-8192 -2048 -12 ) (-7168 -2048 -12 ) (-7168 -2571 -12 ) 
4 164 166 (-8192 -2571 -12 ) (-7316 -2571 -12 ) (-7316 -2571 113 ) (-8192 -2571 113 ) 
4 164 165 (-7315 -2571 -12 ) (-7168 -2571 -12 ) (-7168 -2571 113 ) (-7315 -2571 113 ) 
4 165 171 (-7315 -2571 -12 ) (-7168 -2571 -12 ) (-7168 -2610 -12 ) (-7311 -2610 -12 ) 
4 165 167 (-7311 -2610 -12 ) (-7168 -2610 -12 ) (-7168 -2610 113 ) (-7311 -2610 113 ) 
4 166 212 (-8192 -2610 113 ) (-8192 -2601 113 ) (-8192 -2601 -12 ) (-8192 -2610 -12 ) 
4 166 210 (-8192 -2601 113 ) (-8192 -2571 113 ) (-8192 -2571 -12 ) (-8192 -2601 -12 ) 
4 166 171 (-8192 -2610 -12 ) (-8192 -2571 -12 ) (-7316 -2571 -12 ) (-7312 -2610 -12 ) 
4 166 167 (-8192 -2610 -12 ) (-7312 -2610 -12 ) (-7312 -2610 113 ) (-8192 -2610 113 ) 
4 167 215 (-8192 -2694 113 ) (-8192 -2648 113 ) (-8192 -2648 -12 ) (-8192 -2694 -12 ) 
4 167 212 (-8192 -2648 113 ) (-8192 -2610 113 ) (-8192 -2610 -12 ) (-8192 -2648 -12 ) 
4 167 171 (-8192 -2694 -12 ) (-8192 -2610 -12 ) (-7168 -2610 -12 ) (-7168 -2694 -12 ) 
4 167 169 (-8192 -2694 -12 ) (-7853 -2694 -12 ) (-7853 -2694 113 ) (-8192 -2694 113 ) 
4 167 168 (-7852 -2694 -12 ) (-7168 -2694 -12 ) (-7168 -2694 113 ) (-7852 -2694 113 ) 
4 168 171 (-7852 -2694 -12 ) (-7168 -2694 -12 ) (-7168 -2733 -12 ) (-7840 -2733 -12 ) 
4 168 170 (-7840 -2733 -12 ) (-7168 -2733 -12 ) (-7168 -2733 113 ) (-7840 -2733 113 ) 
4 169 215 (-8192 -2733 113 ) (-8192 -2694 113 ) (-8192 -2694 -12 ) (-8192 -2733 -12 ) 
4 169 171 (-8192 -2733 -12 ) (-8192 -2694 -12 ) (-7853 -2694 -12 ) (-7841 -2733 -12 ) 
4 169 170 (-8192 -2733 -12 ) (-7841 -2733 -12 ) (-7841 -2733 113 ) (-8192 -2733 113 ) 
4 170 215 (-8192 -2944 -12 ) (-8192 -2944 113 ) (-8192 -2733 113 ) (-8192 -2733 -12 ) 
4 170 180 (-8064 -2944 -12 ) (-7936 -2944 -12 ) (-7936 -2944 64 ) (-8064 -2944 64 ) 
4 170 179 (-8192 -2944 113 ) (-8192 -2944 64 ) (-8128 -2944 64 ) (-8128 -2944 113 ) 
4 170 177 (-8064 -2944 64 ) (-7936 -2944 64 ) (-7936 -2944 113 ) (-8064 -2944 113 ) 
4 170 176 (-7872 -2944 64 ) (-7808 -2944 64 ) (-7808 -2944 113 ) (-7872 -2944 113 ) 
4 170 171 (-7168 -2944 -12 ) (-8192 -2944 -12 ) (-8192 -2733 -12 ) (-7168 -2733 -12 ) 
4 171 221 (-8192 -2944 -64 ) (-8192 -2944 -24 ) (-8192 -2048 -24 ) (-8192 -2048 -64 ) 
4 171 215 (-8192 -2944 -24 ) (-8192 -2944 -12 ) (-8192 -2648 -12 ) (-8192 -2648 -24 ) 
4 171 214 (-8192 -2648 -12 ) (-8192 -2601 -12 ) (-8192 -2601 -24 ) (-8192 -2648 -24 ) 
4 171 210 (-8192 -2601 -12 ) (-8192 -2048 -12 ) (-8192 -2048 -24 ) (-8192 -2601 -24 ) 
4 171 180 (-8064 -2944 -64 ) (-7936 -2944 -64 ) (-7936 -2944 -12 ) (-8064 -2944 -12 ) 
3 171 172 (-7168 -2944 -64 ) (-8192 -2944 -64 ) (-7168 -2752 -64 ) 
4 172 180 (-8064 -2944 -72 ) (-7936 -2944 -72 ) (-7936 -2944 -64 ) (-8064 -2944 -64 ) 
4 173 188 (-7168 -3072 320 ) (-7168 -3072 2560 ) (-7808 -3072 2560 ) (-7808 -3072 320 ) 
4 173 175 (-7808 -3008 320 ) (-7808 -3072 320 ) (-7808 -3072 2560 ) (-7808 -3008 2560 ) 
4 173 174 (-7808 -2944 2560 ) (-7808 -2944 320 ) (-7808 -3008 320 ) (-7808 -3008 2560 ) 
4 174 209 (-8192 -3008 2560 ) (-8192 -2944 2560 ) (-8192 -2944 288 ) (-8192 -3008 288 ) 
4 174 179 (-8192 -3008 288 ) (-8192 -2944 288 ) (-8128 -2944 288 ) (-8128 -3008 288 ) 
4 174 177 (-8064 -2944 288 ) (-7936 -2944 288 ) (-7936 -3008 288 ) (-8064 -3008 288 ) 
4 174 176 (-7872 -2944 288 ) (-7808 -2944 288 ) (-7808 -3008 288 ) (-7872 -3008 288 ) 
4 174 175 (-7808 -3008 320 ) (-7808 -3008 2560 ) (-8192 -3008 2560 ) (-8192 -3008 320 ) 
4 175 209 (-8192 -3072 320 ) (-8192 -3072 2560 ) (-8192 -3008 2560 ) (-8192 -3008 320 ) 
4 175 188 (-8192 -3072 2560 ) (-8192 -3072 320 ) (-7808 -3072 320 ) (-7808 -3072 2560 ) 
4 177 180 (-8064 -3064 64 ) (-8064 -2944 64 ) (-7936 -2944 64 ) (-7936 -3064 64 ) 
4 177 178 (-8064 -3064 288 ) (-8064 -3064 176 ) (-7936 -3064 176 ) (-7936 -3064 288 ) 
4 178 191 (-7936 -3072 176 ) (-7936 -3072 192 ) (-8064 -3072 192 ) (-8064 -3072 176 ) 
4 178 189 (-7936 -3072 192 ) (-7936 -3072 288 ) (-8064 -3072 288 ) (-8064 -3072 192 ) 
4 179 215 (-8192 -2944 192 ) (-8192 -2944 64 ) (-8192 -3008 64 ) (-8192 -3008 192 ) 
4 179 209 (-8192 -3008 288 ) (-8192 -2944 288 ) (-8192 -2944 192 ) (-8192 -3008 192 ) 
4 181 185 (-6144 -3584 768 ) (-6144 -3584 2560 ) (-6272 -3584 2560 ) (-6272 -3584 768 ) 
4 181 183 (-6272 -3584 768 ) (-6272 -3584 2560 ) (-6272 -3072 2560 ) (-6272 -3072 768 ) 
4 181 182 (-6272 -3392 768 ) (-6272 -3072 768 ) (-6144 -3072 768 ) (-6144 -3392 768 ) 
4 182 183 (-6272 -3392 704 ) (-6272 -3392 768 ) (-6272 -3072 768 ) (-6272 -3072 704 ) 
4 183 186 (-6784 -3584 2560 ) (-6784 -3584 896 ) (-6272 -3584 896 ) (-6272 -3584 2560 ) 
4 183 184 (-6784 -3072 2560 ) (-6784 -3072 704 ) (-6784 -3584 704 ) (-6784 -3584 2560 ) 
4 184 188 (-7168 -3072 2560 ) (-7168 -3072 320 ) (-7168 -3584 320 ) (-7168 -3584 2560 ) 
4 184 187 (-7168 -3584 2560 ) (-7168 -3584 512 ) (-6784 -3584 512 ) (-6784 -3584 2560 ) 
4 185 186 (-6272 -3584 2560 ) (-6272 -3584 896 ) (-6272 -4096 896 ) (-6272 -4096 2560 ) 
4 186 187 (-6784 -3584 2560 ) (-6784 -3584 896 ) (-6784 -4096 896 ) (-6784 -4096 2560 ) 
4 187 193 (-7168 -4096 512 ) (-7168 -4096 2560 ) (-7168 -3584 2560 ) (-7168 -3584 512 ) 
4 188 254 (-8192 -3584 576 ) (-8192 -3584 608 ) (-8192 -3456 608 ) (-8192 -3456 576 ) 
4 188 253 (-8192 -3584 608 ) (-8192 -3584 960 ) (-8192 -3456 960 ) (-8192 -3456 608 ) 
4 188 241 (-8192 -3584 960 ) (-8192 -3584 1088 ) (-8192 -3456 1088 ) (-8192 -3456 960 ) 
4 188 237 (-8192 -3584 1088 ) (-8192 -3584 2560 ) (-8192 -3456 2560 ) (-8192 -3456 1088 ) 
4 188 225 (-8192 -3456 2560 ) (-8192 -3264 2560 ) (-8192 -3264 608 ) (-8192 -3456 608 ) 
4 188 226 (-8192 -3264 608 ) (-8192 -3264 576 ) (-8192 -3456 576 ) (-8192 -3456 608 ) 
4 188 224 (-8192 -3264 2560 ) (-8192 -3072 2560 ) (-8192 -3072 320 ) (-8192 -3264 320 ) 
4 188 194 (-8192 -3584 512 ) (-8192 -3584 320 ) (-7808 -3584 320 ) (-7808 -3584 512 ) 
4 188 193 (-8192 -3584 2560 ) (-8192 -3584 512 ) (-7168 -3584 512 ) (-7168 -3584 2560 ) 
4 189 191 (-8064 -3072 192 ) (-7936 -3072 192 ) (-7936 -3136 192 ) (-8064 -3136 192 ) 
4 189 190 (-8064 -3136 192 ) (-7936 -3136 192 ) (-7936 -3136 288 ) (-8064 -3136 288 ) 
4 190 224 (-8192 -3136 308 ) (-8192 -3136 192 ) (-8192 -3232 192 ) (-8192 -3232 308 ) 
4 190 192 (-8080 -3136 192 ) (-8064 -3136 192 ) (-8064 -3232 192 ) (-8080 -3232 192 ) 
4 190 191 (-8064 -3136 192 ) (-7936 -3136 192 ) (-7936 -3232 192 ) (-8064 -3232 192 ) 
4 191 192 (-8064 -3136 176 ) (-8064 -3232 176 ) (-8064 -3232 192 ) (-8064 -3136 192 ) 
4 193 254 (-8192 -4096 576 ) (-8192 -4096 608 ) (-8192 -3584 608 ) (-8192 -3584 576 ) 
4 193 253 (-8192 -4096 608 ) (-8192 -4096 960 ) (-8192 -3584 960 ) (-8192 -3584 608 ) 
4 193 241 (-8192 -4096 960 ) (-8192 -4096 1088 ) (-8192 -3584 1088 ) (-8192 -3584 960 ) 
4 193 237 (-8192 -4096 1088 ) (-8192 -4096 2560 ) (-8192 -3584 2560 ) (-8192 -3584 1088 ) 
4 193 194 (-8192 -4096 512 ) (-8192 -3584 512 ) (-7808 -3584 512 ) (-7808 -4096 512 ) 
4 195 201 (-8896 -512 -512 ) (-8896 -512 -384 ) (-9024 -512 -384 ) (-9024 -512 -512 ) 
4 195 200 (-8896 -512 -384 ) (-8896 -512 -320 ) (-9024 -512 -320 ) (-9024 -512 -384 ) 
4 196 197 (-8192 -576 -136 ) (-8256 -576 -136 ) (-8256 -512 -136 ) (-8192 -512 -136 ) 
4 197 198 (-8384 -576 -256 ) (-8564 -576 -256 ) (-8564 -512 -256 ) (-8384 -512 -256 ) 
4 198 201 (-8704 -576 -384 ) (-8756 -576 -384 ) (-8756 -512 -384 ) (-8704 -512 -384 ) 
4 198 199 (-8756 -512 -384 ) (-8756 -576 -384 ) (-8576 -576 -264 ) (-8576 -512 -264 ) 
4 199 201 (-8756 -576 -384 ) (-8884 -576 -384 ) (-8884 -512 -384 ) (-8756 -512 -384 ) 
4 200 201 (-8896 -576 -384 ) (-9024 -576 -384 ) (-9024 -512 -384 ) (-8896 -512 -384 ) 
4 202 203 (-8192 -1024 320 ) (-8192 -1024 2560 ) (-8224 -1024 2560 ) (-8224 -1024 320 ) 
4 203 209 (-8192 -2048 320 ) (-8192 -2048 2560 ) (-9216 -2048 2560 ) (-9216 -2048 320 ) 
4 203 207 (-9216 -2048 320 ) (-9216 -2048 2560 ) (-9216 -1024 2560 ) (-9216 -1024 320 ) 
4 203 204 (-8192 -2048 320 ) (-8224 -2048 320 ) (-8224 -1792 320 ) (-8192 -1792 320 ) 
4 203 205 (-8224 -2048 320 ) (-9216 -2048 320 ) (-9216 -1024 320 ) (-8224 -1024 320 ) 
4 204 209 (-8192 -2048 192 ) (-8192 -2048 320 ) (-8224 -2048 320 ) (-8224 -2048 192 ) 
4 204 206 (-8192 -1792 192 ) (-8192 -2048 192 ) (-8224 -2048 192 ) (-8224 -1802 192 ) 
4 204 205 (-8224 -1792 192 ) (-8224 -2048 192 ) (-8224 -2048 320 ) (-8224 -1792 320 ) 
4 205 209 (-8224 -2048 320 ) (-9216 -2048 320 ) (-9216 -2048 192 ) (-8224 -2048 192 ) 
3 205 206 (-8224 -1802 192 ) (-8224 -2048 192 ) (-9011.200195 -2048 192 ) 
4 206 223 (-8576 -2048 -24 ) (-9011.200195 -2048 -24 ) (-9011.200195 -2048 -64 ) (-8576 -2048 -64 ) 
4 206 222 (-8272 -2048 -24 ) (-8576 -2048 -24 ) (-8576 -2048 -64 ) (-8272 -2048 -64 ) 
4 206 221 (-8192 -2048 -64 ) (-8192 -2048 -24 ) (-8272 -2048 -24 ) (-8272 -2048 -64 ) 
4 206 220 (-8720 -2048 192 ) (-9011.200195 -2048 192 ) (-9011.200195 -2048 -24 ) (-8720 -2048 -24 ) 
4 206 210 (-8192 -2048 -24 ) (-8192 -2048 192 ) (-8720 -2048 192 ) (-8720 -2048 -24 ) 
4 207 269 (-9728 -2048 704 ) (-10240 -2048 704 ) (-10240 -2048 576 ) (-9728 -2048 576 ) 
4 207 267 (-9224 -2048 704 ) (-9272 -2048 704 ) (-9272 -2048 336 ) (-9224 -2048 336 ) 
4 207 268 (-9272 -2048 704 ) (-9728 -2048 704 ) (-9728 -2048 320 ) (-9272 -2048 320 ) 
4 207 266 (-9216 -2048 352 ) (-9216 -2048 704 ) (-9224 -2048 704 ) (-9224 -2048 352 ) 
4 207 263 (-9216 -2048 704 ) (-9216 -2048 832 ) (-10240 -2048 832 ) (-10240 -2048 704 ) 
4 207 261 (-9216 -2048 832 ) (-9216 -2048 2560 ) (-10240 -2048 2560 ) (-10240 -2048 832 ) 
4 207 208 (-10240 -2048 320 ) (-10240 -2048 2560 ) (-10240 -1024 2560 ) (-10240 -1024 320 ) 
4 208 279 (-10240 -2048 576 ) (-10240 -2048 2560 ) (-10304 -2048 2560 ) (-10304 -2048 576 ) 
4 208 281 (-10304 -2048 2560 ) (-10496 -2048 2560 ) (-10496 -2048 320 ) (-10304 -2048 320 ) 
4 209 275 (-9216 -3072 352 ) (-9216 -3072 704 ) (-9216 -2816 704 ) (-9216 -2816 352 ) 
4 209 272 (-9216 -2816 352 ) (-9216 -2816 704 ) (-9216 -2304 704 ) (-9216 -2304 352 ) 
4 209 266 (-9216 -2048 704 ) (-9216 -2048 352 ) (-9216 -2304 352 ) (-9216 -2304 704 ) 
4 209 264 (-9216 -2304 704 ) (-9216 -2816 704 ) (-9216 -2688 832 ) (-9216 -2432 832 ) 
4 209 263 (-9216 -2048 832 ) (-9216 -2048 704 ) (-9216 -2304 704 ) (-9216 -2432 832 ) 
4 209 262 (-9216 -2816 704 ) (-9216 -3072 704 ) (-9216 -3072 832 ) (-9216 -2688 832 ) 
4 209 261 (-9216 -2048 2560 ) (-9216 -2048 832 ) (-9216 -3072 832 ) (-9216 -3072 2560 ) 
4 209 227 (-8320 -3072 2560 ) (-9216 -3072 2560 ) (-9216 -3072 192 ) (-8320 -3072 192 ) 
4 209 224 (-8192 -3072 192 ) (-8192 -3072 2560 ) (-8320 -3072 2560 ) (-8320 -3072 192 ) 
5 209 220 (-9216 -3072 192 ) (-9216 -2112 192 ) (-9011.200195 -2048 192 ) (-8720 -2048 192 ) (-8720 -3072 192 ) 
4 209 217 (-8368 -3072 192 ) (-8720 -3072 192 ) (-8720 -2784 192 ) (-8368 -2784 192 ) 
4 209 216 (-8720 -2784 192 ) (-8720 -2648 192 ) (-8368 -2648 192 ) (-8368 -2784 192 ) 
4 209 215 (-8192 -2648 192 ) (-8192 -3072 192 ) (-8368 -3072 192 ) (-8368 -2648 192 ) 
4 209 211 (-8192 -2601 192 ) (-8192 -2648 192 ) (-8720 -2648 192 ) (-8720 -2601 192 ) 
4 209 210 (-8720 -2048 192 ) (-8192 -2048 192 ) (-8192 -2601 192 ) (-8720 -2601 192 ) 
4 210 223 (-8720 -2601 -24 ) (-8720 -2048 -24 ) (-8576 -2048 -24 ) (-8576 -2601 -24 ) 
4 210 222 (-8576 -2048 -24 ) (-8272 -2048 -24 ) (-8272 -2601 -24 ) (-8576 -2601 -24 ) 
4 210 221 (-8272 -2048 -24 ) (-8192 -2048 -24 ) (-8192 -2601 -24 ) (-8272 -2601 -24 ) 
4 210 220 (-8720 -2048 -24 ) (-8720 -2601 -24 ) (-8720 -2601 192 ) (-8720 -2048 192 ) 
4 210 213 (-8720 -2601 113 ) (-8720 -2601 -12 ) (-8714 -2601 -12 ) (-8714 -2601 113 ) 
4 210 212 (-8713 -2601 -12 ) (-8192 -2601 -12 ) (-8192 -2601 113 ) (-8713 -2601 113 ) 
4 210 211 (-8720 -2601 192 ) (-8720 -2601 113 ) (-8192 -2601 113 ) (-8192 -2601 192 ) 
4 210 214 (-8720 -2601 -12 ) (-8720 -2601 -24 ) (-8192 -2601 -24 ) (-8192 -2601 -12 ) 
4 211 220 (-8720 -2648 113 ) (-8720 -2648 192 ) (-8720 -2601 192 ) (-8720 -2601 113 ) 
4 211 216 (-8720 -2648 192 ) (-8720 -2648 113 ) (-8368 -2648 113 ) (-8368 -2648 192 ) 
4 211 215 (-8368 -2648 113 ) (-8192 -2648 113 ) (-8192 -2648 192 ) (-8368 -2648 192 ) 
4 211 213 (-8698 -2648 113 ) (-8720 -2648 113 ) (-8720 -2601 113 ) (-8714 -2601 113 ) 
4 211 212 (-8192 -2648 113 ) (-8697 -2648 113 ) (-8713 -2601 113 ) (-8192 -2601 113 ) 
4 212 216 (-8697 -2648 -12 ) (-8368 -2648 -12 ) (-8368 -2648 113 ) (-8697 -2648 113 ) 
4 212 215 (-8368 -2648 -12 ) (-8192 -2648 -12 ) (-8192 -2648 113 ) (-8368 -2648 113 ) 
4 212 214 (-8192 -2648 -12 ) (-8697 -2648 -12 ) (-8713 -2601 -12 ) (-8192 -2601 -12 ) 
4 213 220 (-8720 -2648 -12 ) (-8720 -2648 113 ) (-8720 -2601 113 ) (-8720 -2601 -12 ) 
4 213 216 (-8720 -2648 113 ) (-8720 -2648 -12 ) (-8698 -2648 -12 ) (-8698 -2648 113 ) 
4 213 214 (-8698 -2648 -12 ) (-8720 -2648 -12 ) (-8720 -2601 -12 ) (-8714 -2601 -12 ) 
4 214 223 (-8720 -2648 -24 ) (-8720 -2601 -24 ) (-8576 -2601 -24 ) (-8576 -2648 -24 ) 
4 214 222 (-8576 -2601 -24 ) (-8272 -2601 -24 ) (-8272 -2648 -24 ) (-8576 -2648 -24 ) 
4 214 221 (-8272 -2601 -24 ) (-8192 -2601 -24 ) (-8192 -2648 -24 ) (-8272 -2648 -24 ) 
4 214 220 (-8720 -2601 -24 ) (-8720 -2648 -24 ) (-8720 -2648 -12 ) (-8720 -2601 -12 ) 
4 214 216 (-8720 -2648 -12 ) (-8720 -2648 -24 ) (-8368 -2648 -24 ) (-8368 -2648 -12 ) 
4 214 215 (-8368 -2648 -24 ) (-8192 -2648 -24 ) (-8192 -2648 -12 ) (-8368 -2648 -12 ) 
4 215 234 (-8272 -3072 192 ) (-8368 -3072 192 ) (-8368 -3072 -24 ) (-8272 -3072 -24 ) 
4 215 233 (-8192 -3072 -24 ) (-8192 -3072 192 ) (-8272 -3072 192 ) (-8272 -3072 -24 ) 
4 215 222 (-8368 -2980.421143 -24 ) (-8368 -2648 -24 ) (-8272 -2648 -24 ) (-8272 -2964 -24 ) 
4 215 221 (-8192 -3072 -24 ) (-8272 -3072 -24 ) (-8272 -2648 -24 ) (-8192 -2648 -24 ) 
4 215 219 (-8368 -2784 -24 ) (-8368 -2896 -24 ) (-8368 -2896 112 ) (-8368 -2784 112 ) 
4 215 218 (-8368 -2896 -24 ) (-8368 -3072 -24 ) (-8368 -3072 112 ) (-8368 -2896 112 ) 
4 215 217 (-8368 -3072 112 ) (-8368 -3072 192 ) (-8368 -2784 192 ) (-8368 -2784 112 ) 
4 215 216 (-8368 -2648 192 ) (-8368 -2648 -24 ) (-8368 -2784 -24 ) (-8368 -2784 192 ) 
4 216 223 (-8720 -2784 -24 ) (-8720 -2648 -24 ) (-8576 -2648 -24 ) (-8576 -2784 -24 ) 
4 216 222 (-8576 -2648 -24 ) (-8368 -2648 -24 ) (-8368 -2784 -24 ) (-8576 -2784 -24 ) 
4 216 220 (-8720 -2648 -24 ) (-8720 -2784 -24 ) (-8720 -2784 192 ) (-8720 -2648 192 ) 
4 216 219 (-8720 -2784 112 ) (-8720 -2784 -24 ) (-8368 -2784 -24 ) (-8368 -2784 112 ) 
4 216 217 (-8720 -2784 192 ) (-8720 -2784 112 ) (-8368 -2784 112 ) (-8368 -2784 192 ) 
4 217 234 (-8368 -3072 192 ) (-8576 -3072 192 ) (-8576 -3072 112 ) (-8368 -3072 112 ) 
4 217 235 (-8576 -3072 192 ) (-8720 -3072 192 ) (-8720 -3072 112 ) (-8576 -3072 112 ) 
4 217 220 (-8720 -3072 112 ) (-8720 -3072 192 ) (-8720 -2784 192 ) (-8720 -2784 112 ) 
4 217 219 (-8720 -3024 112 ) (-8720 -2784 112 ) (-8368 -2784 112 ) (-8368 -2896 112 ) 
4 217 218 (-8720 -3072 112 ) (-8720 -3024 112 ) (-8368 -2896 112 ) (-8368 -3072 112 ) 
4 218 234 (-8576 -3072 -24 ) (-8368 -3072 -24 ) (-8368 -3072 112 ) (-8576 -3072 112 ) 
4 218 235 (-8720 -3072 112 ) (-8720 -3072 -24 ) (-8576 -3072 -24 ) (-8576 -3072 112 ) 
4 218 223 (-8576 -3072 -24 ) (-8720 -3072 -24 ) (-8720 -3024 -24 ) (-8576 -2971.636475 -24 ) 
4 218 222 (-8576 -3016 -24 ) (-8576 -2971.636475 -24 ) (-8368 -2896 -24 ) (-8368 -2980.421143 -24 ) 
4 218 220 (-8720 -3024 -24 ) (-8720 -3072 -24 ) (-8720 -3072 112 ) (-8720 -3024 112 ) 
4 218 219 (-8720 -3024 -24 ) (-8720 -3024 112 ) (-8368 -2896 112 ) (-8368 -2896 -24 ) 
4 219 223 (-8720 -3024 -24 ) (-8720 -2784 -24 ) (-8576 -2784 -24 ) (-8576 -2971.636475 -24 ) 
4 219 222 (-8576 -2784 -24 ) (-8368 -2784 -24 ) (-8368 -2896 -24 ) (-8576 -2971.636475 -24 ) 
4 219 220 (-8720 -2784 -24 ) (-8720 -3024 -24 ) (-8720 -3024 112 ) (-8720 -2784 112 ) 
4 220 278 (-9216 -2155 -24 ) (-9216 -3072 -24 ) (-9216 -3072 192 ) (-9216 -2128 192 ) 
4 220 235 (-8720 -3072 192 ) (-9216 -3072 192 ) (-9216 -3072 -24 ) (-8720 -3072 -24 ) 
5 220 223 (-8720 -3072 -24 ) (-9216 -3072 -24 ) (-9216 -2112 -24 ) (-9011.200195 -2048 -24 ) (-8720 -2048 -24 ) 
4 221 233 (-8192 -3072 -64 ) (-8192 -3072 -24 ) (-8272 -3072 -24 ) (-8272 -3072 -64 ) 
4 221 222 (-8272 -2048 -64 ) (-8272 -2964 -64 ) (-8272 -2964 -24 ) (-8272 -2048 -24 ) 
4 222 223 (-8576 -2048 -64 ) (-8576 -3016 -64 ) (-8576 -3016 -24 ) (-8576 -2048 -24 ) 
4 223 278 (-9216 -2160 -64 ) (-9216 -3072 -64 ) (-9216 -3072 -24 ) (-9216 -2155 -24 ) 
4 223 235 (-8576 -3072 -24 ) (-9216 -3072 -24 ) (-9216 -3072 -64 ) (-8576 -3072 -64 ) 
4 224 234 (-8320 -3104 192 ) (-8320 -3072 192 ) (-8272 -3072 192 ) (-8272 -3104 192 ) 
4 224 233 (-8272 -3072 192 ) (-8192 -3072 192 ) (-8192 -3104 192 ) (-8272 -3104 192 ) 
4 224 227 (-8320 -3072 2560 ) (-8320 -3072 192 ) (-8320 -3264 192 ) (-8320 -3264 2560 ) 
4 224 225 (-8320 -3264 2560 ) (-8320 -3264 608 ) (-8192 -3264 608 ) (-8192 -3264 2560 ) 
4 224 226 (-8320 -3264 608 ) (-8320 -3264 576 ) (-8192 -3264 576 ) (-8192 -3264 608 ) 
4 225 253 (-8192 -3456 608 ) (-8192 -3456 960 ) (-8320 -3456 960 ) (-8320 -3456 608 ) 
4 225 241 (-8192 -3456 960 ) (-8192 -3456 1088 ) (-8320 -3456 1088 ) (-8320 -3456 960 ) 
4 225 237 (-8192 -3456 1088 ) (-8192 -3456 2560 ) (-8320 -3456 2560 ) (-8320 -3456 1088 ) 
4 225 228 (-8320 -3456 608 ) (-8320 -3456 2560 ) (-8320 -3328 2560 ) (-8320 -3328 608 ) 
4 225 227 (-8320 -3328 2560 ) (-8320 -3264 2560 ) (-8320 -3264 608 ) (-8320 -3328 608 ) 
4 225 226 (-8192 -3456 608 ) (-8320 -3456 608 ) (-8320 -3264 608 ) (-8192 -3264 608 ) 
4 226 254 (-8192 -3456 576 ) (-8192 -3456 608 ) (-8320 -3456 608 ) (-8320 -3456 576 ) 
4 226 229 (-8320 -3456 576 ) (-8320 -3456 608 ) (-8320 -3328 608 ) (-8320 -3328 576 ) 
4 226 227 (-8320 -3328 608 ) (-8320 -3264 608 ) (-8320 -3264 576 ) (-8320 -3328 576 ) 
4 227 312 (-9216 -3072 448 ) (-9216 -3072 352 ) (-9216 -3328 352 ) (-9216 -3328 448 ) 
4 227 305 (-9216 -3072 576 ) (-9216 -3072 448 ) (-9216 -3328 448 ) (-9216 -3328 576 ) 
4 227 300 (-9216 -3072 960 ) (-9216 -3072 576 ) (-9216 -3200 576 ) (-9216 -3200 960 ) 
4 227 303 (-9216 -3200 576 ) (-9216 -3328 576 ) (-9216 -3328 960 ) (-9216 -3200 960 ) 
4 227 294 (-9216 -3072 1088 ) (-9216 -3072 960 ) (-9216 -3328 960 ) (-9216 -3328 1088 ) 
4 227 290 (-9216 -3072 2560 ) (-9216 -3072 1088 ) (-9216 -3328 1088 ) (-9216 -3328 2560 ) 
3 227 236 (-9216 -3264 192 ) (-9216 -3104 192 ) (-8704 -3104 192 ) 
4 227 234 (-8576 -3072 192 ) (-8320 -3072 192 ) (-8320 -3104 192 ) (-8576 -3104 192 ) 
4 227 235 (-9216 -3104 192 ) (-9216 -3072 192 ) (-8576 -3072 192 ) (-8576 -3104 192 ) 
4 227 232 (-9216 -3328 192 ) (-8832 -3328 192 ) (-8832 -3328 2560 ) (-9216 -3328 2560 ) 
4 227 231 (-8832 -3328 992 ) (-8832 -3328 960 ) (-8576 -3328 960 ) (-8576 -3328 992 ) 
4 227 230 (-8576 -3328 2560 ) (-8832 -3328 2560 ) (-8832 -3328 992 ) (-8576 -3328 992 ) 
4 227 228 (-8320 -3328 608 ) (-8320 -3328 2560 ) (-8576 -3328 2560 ) (-8576 -3328 608 ) 
4 227 229 (-8320 -3328 576 ) (-8320 -3328 608 ) (-8576 -3328 608 ) (-8576 -3328 576 ) 
4 228 257 (-8448 -3456 960 ) (-8576 -3456 960 ) (-8576 -3456 608 ) (-8448 -3456 608 ) 
4 228 255 (-8320 -3456 608 ) (-8320 -3456 960 ) (-8448 -3456 960 ) (-8448 -3456 608 ) 
4 228 242 (-8448 -3456 1088 ) (-8576 -3456 1088 ) (-8576 -3456 960 ) (-8448 -3456 960 ) 
4 228 241 (-8320 -3456 960 ) (-8320 -3456 1088 ) (-8448 -3456 1088 ) (-8448 -3456 960 ) 
4 228 237 (-8320 -3456 1088 ) (-8320 -3456 2560 ) (-8576 -3456 2560 ) (-8576 -3456 1088 ) 
4 228 231 (-8576 -3328 992 ) (-8576 -3328 960 ) (-8576 -3456 960 ) (-8576 -3456 992 ) 
4 228 230 (-8576 -3328 2560 ) (-8576 -3328 992 ) (-8576 -3456 992 ) (-8576 -3456 2560 ) 
4 228 229 (-8576 -3456 608 ) (-8576 -3328 608 ) (-8320 -3328 608 ) (-8320 -3456 608 ) 
4 229 258 (-8448 -3456 608 ) (-8576 -3456 608 ) (-8576 -3456 576 ) (-8448 -3456 576 ) 
4 229 256 (-8320 -3456 576 ) (-8320 -3456 608 ) (-8448 -3456 608 ) (-8448 -3456 576 ) 
4 230 246 (-8832 -3456 1088 ) (-8832 -3456 992 ) (-8576 -3456 992 ) (-8576 -3456 1088 ) 
4 230 237 (-8832 -3456 2560 ) (-8832 -3456 1088 ) (-8576 -3456 1088 ) (-8576 -3456 2560 ) 
4 230 232 (-8832 -3328 2560 ) (-8832 -3328 992 ) (-8832 -3456 992 ) (-8832 -3456 2560 ) 
4 230 231 (-8832 -3456 992 ) (-8832 -3328 992 ) (-8576 -3328 992 ) (-8576 -3456 992 ) 
4 231 247 (-8832 -3456 992 ) (-8832 -3456 960 ) (-8576 -3456 960 ) (-8576 -3456 992 ) 
4 231 232 (-8832 -3328 992 ) (-8832 -3328 960 ) (-8832 -3456 960 ) (-8832 -3456 992 ) 
4 232 312 (-9216 -3392 448 ) (-9216 -3328 448 ) (-9216 -3328 352 ) (-9216 -3392 352 ) 
4 232 313 (-9216 -3456 320 ) (-9216 -3456 448 ) (-9216 -3392 448 ) (-9216 -3392 320 ) 
4 232 305 (-9216 -3456 448 ) (-9216 -3456 576 ) (-9216 -3328 576 ) (-9216 -3328 448 ) 
4 232 303 (-9216 -3456 576 ) (-9216 -3456 960 ) (-9216 -3328 960 ) (-9216 -3328 576 ) 
4 232 294 (-9216 -3456 960 ) (-9216 -3456 1088 ) (-9216 -3328 1088 ) (-9216 -3328 960 ) 
4 232 290 (-9216 -3456 1088 ) (-9216 -3456 2560 ) (-9216 -3328 2560 ) (-9216 -3328 1088 ) 
4 232 249 (-9216 -3456 1088 ) (-9216 -3456 960 ) (-8896 -3456 960 ) (-8896 -3456 1088 ) 
4 232 248 (-8896 -3456 960 ) (-8832 -3456 960 ) (-8832 -3456 1088 ) (-8896 -3456 1088 ) 
4 232 238 (-9216 -3456 2560 ) (-9216 -3456 1088 ) (-8832 -3456 1088 ) (-8832 -3456 2560 ) 
4 233 234 (-8272 -3104 -24 ) (-8272 -3104 192 ) (-8272 -3072 192 ) (-8272 -3072 -24 ) 
4 234 235 (-8576 -3104 -24 ) (-8576 -3104 192 ) (-8576 -3072 192 ) (-8576 -3072 -24 ) 
4 235 334 (-9216 -3104 -64 ) (-9216 -3104 192 ) (-9216 -3072 192 ) (-9216 -3072 -64 ) 
4 235 236 (-8704 -3104 192 ) (-9216 -3104 192 ) (-9216 -3104 -64 ) (-8704 -3104 -64 ) 
4 236 334 (-9216 -3264 -64 ) (-9216 -3264 192 ) (-9216 -3104 192 ) (-9216 -3104 -64 ) 
4 237 246 (-8832 -3456 1088 ) (-8576 -3456 1088 ) (-8576 -4096 1088 ) (-8832 -4096 1088 ) 
4 237 243 (-8448 -3712 1088 ) (-8448 -3968 1088 ) (-8576 -3968 1088 ) (-8576 -3712 1088 ) 
4 237 242 (-8576 -3456 1088 ) (-8448 -3456 1088 ) (-8448 -3712 1088 ) (-8576 -3712 1088 ) 
4 237 245 (-8448 -3968 1088 ) (-8448 -4096 1088 ) (-8576 -4096 1088 ) (-8576 -3968 1088 ) 
4 237 241 (-8448 -3456 1088 ) (-8192 -3456 1088 ) (-8192 -4096 1088 ) (-8448 -4096 1088 ) 
4 237 240 (-8832 -3520 1088 ) (-8832 -4096 1088 ) (-8832 -4096 1120 ) (-8832 -3520 1120 ) 
4 237 239 (-8832 -4096 1120 ) (-8832 -4096 2560 ) (-8832 -3520 2560 ) (-8832 -3520 1120 ) 
4 237 238 (-8832 -3456 1088 ) (-8832 -3520 1088 ) (-8832 -3520 2560 ) (-8832 -3456 2560 ) 
4 238 290 (-9216 -3520 2560 ) (-9216 -3456 2560 ) (-9216 -3456 1088 ) (-9216 -3520 1088 ) 
4 238 250 (-8896 -3472 1088 ) (-8896 -3488 1088 ) (-9216 -3488 1088 ) (-9216 -3472 1088 ) 
4 238 249 (-9216 -3456 1088 ) (-8896 -3456 1088 ) (-8896 -3472 1088 ) (-9216 -3472 1088 ) 
4 238 252 (-8896 -3488 1088 ) (-8896 -3520 1088 ) (-9216 -3520 1088 ) (-9216 -3488 1088 ) 
4 238 248 (-8896 -3456 1088 ) (-8832 -3456 1088 ) (-8832 -3520 1088 ) (-8896 -3520 1088 ) 
4 238 240 (-9216 -3520 1088 ) (-8832 -3520 1088 ) (-8832 -3520 1120 ) (-9216 -3520 1120 ) 
4 238 239 (-8832 -3520 1120 ) (-8832 -3520 2560 ) (-9216 -3520 2560 ) (-9216 -3520 1120 ) 
4 239 291 (-9216 -4096 1120 ) (-9216 -4096 2560 ) (-9216 -3520 2560 ) (-9216 -3520 1120 ) 
4 239 240 (-9216 -3520 1120 ) (-8832 -3520 1120 ) (-8832 -4096 1120 ) (-9216 -4096 1120 ) 
4 240 292 (-9216 -4096 1088 ) (-9216 -4096 1120 ) (-9216 -3520 1120 ) (-9216 -3520 1088 ) 
4 241 255 (-8320 -4096 960 ) (-8448 -4096 960 ) (-8448 -3456 960 ) (-8320 -3456 960 ) 
4 241 253 (-8192 -4096 960 ) (-8320 -4096 960 ) (-8320 -3456 960 ) (-8192 -3456 960 ) 
4 241 244 (-8448 -3712 960 ) (-8448 -3968 960 ) (-8448 -3968 992 ) (-8448 -3712 992 ) 
4 241 243 (-8448 -3968 992 ) (-8448 -3968 1088 ) (-8448 -3712 1088 ) (-8448 -3712 992 ) 
4 241 242 (-8448 -3456 960 ) (-8448 -3712 960 ) (-8448 -3712 1088 ) (-8448 -3456 1088 ) 
4 241 245 (-8448 -3968 960 ) (-8448 -4096 960 ) (-8448 -4096 1088 ) (-8448 -3968 1088 ) 
4 242 257 (-8576 -3712 960 ) (-8576 -3456 960 ) (-8448 -3456 960 ) (-8448 -3712 960 ) 
4 242 247 (-8576 -3456 960 ) (-8576 -3712 960 ) (-8576 -3712 992 ) (-8576 -3456 992 ) 
4 242 246 (-8576 -3712 992 ) (-8576 -3712 1088 ) (-8576 -3456 1088 ) (-8576 -3456 992 ) 
4 242 244 (-8576 -3712 992 ) (-8576 -3712 960 ) (-8448 -3712 960 ) (-8448 -3712 992 ) 
4 242 243 (-8576 -3712 1088 ) (-8576 -3712 992 ) (-8448 -3712 992 ) (-8448 -3712 1088 ) 
4 243 246 (-8576 -3968 992 ) (-8576 -3968 1088 ) (-8576 -3712 1088 ) (-8576 -3712 992 ) 
4 243 245 (-8576 -3968 1088 ) (-8576 -3968 992 ) (-8448 -3968 992 ) (-8448 -3968 1088 ) 
4 243 244 (-8448 -3968 992 ) (-8576 -3968 992 ) (-8576 -3712 992 ) (-8448 -3712 992 ) 
4 244 247 (-8576 -3712 960 ) (-8576 -3968 960 ) (-8576 -3968 992 ) (-8576 -3712 992 ) 
4 244 245 (-8576 -3968 992 ) (-8576 -3968 960 ) (-8448 -3968 960 ) (-8448 -3968 992 ) 
4 245 259 (-8448 -4096 960 ) (-8576 -4096 960 ) (-8576 -3968 960 ) (-8448 -3968 960 ) 
4 245 247 (-8576 -3968 960 ) (-8576 -4096 960 ) (-8576 -4096 992 ) (-8576 -3968 992 ) 
4 245 246 (-8576 -4096 992 ) (-8576 -4096 1088 ) (-8576 -3968 1088 ) (-8576 -3968 992 ) 
4 246 248 (-8832 -3520 1088 ) (-8832 -3456 1088 ) (-8832 -3456 992 ) (-8832 -3520 992 ) 
4 246 247 (-8832 -4096 992 ) (-8832 -3456 992 ) (-8576 -3456 992 ) (-8576 -4096 992 ) 
4 247 248 (-8832 -3456 960 ) (-8832 -3520 960 ) (-8832 -3520 992 ) (-8832 -3456 992 ) 
4 248 251 (-8896 -3472 960 ) (-8896 -3488 960 ) (-8896 -3488 1024 ) (-8896 -3472 1024 ) 
4 248 250 (-8896 -3488 1024 ) (-8896 -3488 1088 ) (-8896 -3472 1088 ) (-8896 -3472 1024 ) 
4 248 249 (-8896 -3456 960 ) (-8896 -3472 960 ) (-8896 -3472 1088 ) (-8896 -3456 1088 ) 
4 248 252 (-8896 -3488 960 ) (-8896 -3520 960 ) (-8896 -3520 1088 ) (-8896 -3488 1088 ) 
4 249 294 (-9216 -3472 1088 ) (-9216 -3456 1088 ) (-9216 -3456 960 ) (-9216 -3472 960 ) 
4 249 251 (-9216 -3472 960 ) (-8896 -3472 960 ) (-8896 -3472 1024 ) (-9216 -3472 1024 ) 
4 249 250 (-8896 -3472 1024 ) (-8896 -3472 1088 ) (-9216 -3472 1088 ) (-9216 -3472 1024 ) 
4 250 295 (-9216 -3488 1088 ) (-9216 -3472 1088 ) (-9216 -3472 1024 ) (-9216 -3488 1024 ) 
4 250 252 (-8896 -3488 1024 ) (-8896 -3488 1088 ) (-9216 -3488 1088 ) (-9216 -3488 1024 ) 
4 250 251 (-8896 -3488 1024 ) (-9216 -3488 1024 ) (-9216 -3472 1024 ) (-8896 -3472 1024 ) 
4 251 296 (-9216 -3472 1024 ) (-9216 -3472 960 ) (-9216 -3488 960 ) (-9216 -3488 1024 ) 
4 251 252 (-9216 -3488 960 ) (-8896 -3488 960 ) (-8896 -3488 1024 ) (-9216 -3488 1024 ) 
4 252 297 (-9216 -3520 1088 ) (-9216 -3488 1088 ) (-9216 -3488 960 ) (-9216 -3520 960 ) 
4 253 255 (-8320 -4096 608 ) (-8320 -4096 960 ) (-8320 -3456 960 ) (-8320 -3456 608 ) 
4 253 254 (-8192 -4096 608 ) (-8320 -4096 608 ) (-8320 -3456 608 ) (-8192 -3456 608 ) 
4 254 256 (-8320 -3456 576 ) (-8320 -4096 576 ) (-8320 -4096 608 ) (-8320 -3456 608 ) 
4 255 259 (-8448 -4096 608 ) (-8448 -4096 960 ) (-8448 -3968 960 ) (-8448 -3968 608 ) 
4 255 257 (-8448 -3712 960 ) (-8448 -3456 960 ) (-8448 -3456 608 ) (-8448 -3712 608 ) 
4 255 256 (-8448 -4096 608 ) (-8448 -3456 608 ) (-8320 -3456 608 ) (-8320 -4096 608 ) 
4 256 260 (-8448 -3968 576 ) (-8448 -4096 576 ) (-8448 -4096 608 ) (-8448 -3968 608 ) 
4 256 258 (-8448 -3456 576 ) (-8448 -3712 576 ) (-8448 -3712 608 ) (-8448 -3456 608 ) 
4 257 258 (-8448 -3712 608 ) (-8576 -3712 608 ) (-8576 -3456 608 ) (-8448 -3456 608 ) 
4 259 260 (-8576 -4096 608 ) (-8576 -3968 608 ) (-8448 -3968 608 ) (-8448 -4096 608 ) 
4 261 301 (-9856 -3072 960 ) (-10240 -3072 960 ) (-10240 -3072 832 ) (-9728 -3072 832 ) 
4 261 300 (-9216 -3072 832 ) (-9216 -3072 960 ) (-9856 -3072 960 ) (-9728 -3072 832 ) 
4 261 294 (-9216 -3072 960 ) (-9216 -3072 1088 ) (-9408 -3072 1088 ) (-9408 -3072 960 ) 
4 261 298 (-9408 -3072 1088 ) (-10240 -3072 1088 ) (-10240 -3072 960 ) (-9408 -3072 960 ) 
4 261 290 (-9216 -3072 1088 ) (-9216 -3072 2560 ) (-9472 -3072 2560 ) (-9472 -3072 1088 ) 
4 261 293 (-9472 -3072 2560 ) (-10240 -3072 2560 ) (-10240 -3072 1088 ) (-9472 -3072 1088 ) 
4 261 287 (-10240 -2816 832 ) (-10240 -3072 832 ) (-10240 -3072 2560 ) (-10240 -2816 2560 ) 
3 261 285 (-10240 -2432 832 ) (-10240 -2688 832 ) (-10240 -2560 960 ) 
4 261 284 (-10240 -2304 832 ) (-10240 -2432 832 ) (-10240 -2560 960 ) (-10240 -2304 1216 ) 
5 261 282 (-10240 -2688 832 ) (-10240 -2816 832 ) (-10240 -2816 2560 ) (-10240 -2304 2560 ) (-10240 -2304 1216 ) 
4 261 279 (-10240 -2048 2560 ) (-10240 -2048 832 ) (-10240 -2304 832 ) (-10240 -2304 2560 ) 
4 261 265 (-10240 -2688 832 ) (-10240 -2432 832 ) (-10176 -2432 832 ) (-10176 -2688 832 ) 
4 261 264 (-9600 -2432 832 ) (-9216 -2432 832 ) (-9216 -2688 832 ) (-9600 -2688 832 ) 
4 261 263 (-10240 -2432 832 ) (-10240 -2048 832 ) (-9216 -2048 832 ) (-9216 -2432 832 ) 
4 261 262 (-9216 -3072 832 ) (-9728 -3072 832 ) (-9728 -2688 832 ) (-9216 -2688 832 ) 
4 262 300 (-9216 -3072 704 ) (-9216 -3072 832 ) (-9728 -3072 832 ) (-9600 -3072 704 ) 
4 262 276 (-9272 -2816 704 ) (-9224 -2816 704 ) (-9224 -3072 704 ) (-9272 -3072 704 ) 
4 262 277 (-9600 -2816 704 ) (-9272 -2816 704 ) (-9272 -3072 704 ) (-9600 -3072 704 ) 
4 262 275 (-9224 -2816 704 ) (-9216 -2816 704 ) (-9216 -3072 704 ) (-9224 -3072 704 ) 
4 262 264 (-9216 -2816 704 ) (-9472 -2816 704 ) (-9600 -2688 832 ) (-9216 -2688 832 ) 
3 263 284 (-10240 -2304 704 ) (-10240 -2432 832 ) (-10240 -2304 832 ) 
3 263 280 (-10240 -2176 704 ) (-10240 -2304 704 ) (-10240 -2304 832 ) 
4 263 279 (-10240 -2048 832 ) (-10240 -2048 704 ) (-10240 -2176 704 ) (-10240 -2304 832 ) 
4 263 271 (-10240 -2304 704 ) (-10240 -2176 704 ) (-10176 -2176 704 ) (-10176 -2304 704 ) 
4 263 270 (-9792 -2176 704 ) (-9728 -2176 704 ) (-9728 -2304 704 ) (-9792 -2304 704 ) 
4 263 269 (-10240 -2176 704 ) (-10240 -2048 704 ) (-9728 -2048 704 ) (-9728 -2176 704 ) 
4 263 267 (-9272 -2048 704 ) (-9224 -2048 704 ) (-9224 -2304 704 ) (-9272 -2304 704 ) 
4 263 268 (-9728 -2048 704 ) (-9272 -2048 704 ) (-9272 -2304 704 ) (-9728 -2304 704 ) 
4 263 266 (-9224 -2048 704 ) (-9216 -2048 704 ) (-9216 -2304 704 ) (-9224 -2304 704 ) 
3 263 265 (-10176 -2432 832 ) (-10240 -2432 832 ) (-10240 -2368 768 ) 
4 263 264 (-9472 -2304 704 ) (-9216 -2304 704 ) (-9216 -2432 832 ) (-9600 -2432 832 ) 
4 264 273 (-9272 -2304 704 ) (-9224 -2304 704 ) (-9224 -2816 704 ) (-9272 -2816 704 ) 
4 264 274 (-9472 -2304 704 ) (-9272 -2304 704 ) (-9272 -2816 704 ) (-9472 -2816 704 ) 
4 264 272 (-9224 -2304 704 ) (-9216 -2304 704 ) (-9216 -2816 704 ) (-9224 -2816 704 ) 
4 265 285 (-10240 -2752 768 ) (-10240 -2688 832 ) (-10240 -2432 832 ) (-10240 -2368 768 ) 
4 266 272 (-9216 -2304 352 ) (-9216 -2304 704 ) (-9224 -2304 704 ) (-9224 -2304 352 ) 
4 266 267 (-9224 -2304 352 ) (-9224 -2304 704 ) (-9224 -2048 704 ) (-9224 -2048 352 ) 
4 267 273 (-9224 -2304 336 ) (-9224 -2304 704 ) (-9272 -2304 704 ) (-9272 -2304 336 ) 
4 267 268 (-9272 -2304 336 ) (-9272 -2304 704 ) (-9272 -2048 704 ) (-9272 -2048 336 ) 
4 268 274 (-9472 -2304 320 ) (-9272 -2304 320 ) (-9272 -2304 704 ) (-9472 -2304 704 ) 
4 268 270 (-9728 -2304 575.998535 ) (-9728 -2304 704 ) (-9728 -2176 704 ) (-9728 -2048 576 ) 
3 268 269 (-9728 -2176 704 ) (-9728 -2048 704 ) (-9728 -2048 576 ) 
3 269 279 (-10240 -2048 704 ) (-10240 -2048 576 ) (-10240 -2176 704 ) 
3 269 271 (-10176 -2176 704 ) (-10240 -2176 704 ) (-10240 -2112 640 ) 
3 269 270 (-9728 -2048 576 ) (-9728 -2176 704 ) (-9792 -2176 704 ) 
4 271 280 (-10240 -2304 640 ) (-10240 -2304 704 ) (-10240 -2176 704 ) (-10240 -2112 640 ) 
4 272 275 (-9216 -2816 352 ) (-9216 -2816 704 ) (-9224 -2816 704 ) (-9224 -2816 352 ) 
4 272 273 (-9224 -2304 704 ) (-9224 -2304 352 ) (-9224 -2816 352 ) (-9224 -2816 704 ) 
4 273 276 (-9224 -2816 336 ) (-9224 -2816 704 ) (-9272 -2816 704 ) (-9272 -2816 336 ) 
4 273 274 (-9272 -2304 704 ) (-9272 -2304 336 ) (-9272 -2816 336 ) (-9272 -2816 704 ) 
4 274 277 (-9472 -2816 320 ) (-9272 -2816 320 ) (-9272 -2816 704 ) (-9472 -2816 704 ) 
4 275 312 (-9216 -3072 352 ) (-9216 -3072 448 ) (-9224 -3072 448 ) (-9224 -3072 352 ) 
4 275 305 (-9216 -3072 448 ) (-9216 -3072 576 ) (-9224 -3072 576 ) (-9224 -3072 448 ) 
4 275 300 (-9216 -3072 576 ) (-9216 -3072 704 ) (-9224 -3072 704 ) (-9224 -3072 576 ) 
4 275 276 (-9224 -2816 704 ) (-9224 -2816 352 ) (-9224 -3072 352 ) (-9224 -3072 704 ) 
4 276 314 (-9272 -3072 448 ) (-9272 -3072 336 ) (-9224 -3072 336 ) (-9224 -3072 448 ) 
4 276 305 (-9272 -3072 576 ) (-9272 -3072 448 ) (-9224 -3072 448 ) (-9224 -3072 576 ) 
4 276 300 (-9224 -3072 704 ) (-9272 -3072 704 ) (-9272 -3072 576 ) (-9224 -3072 576 ) 
4 276 277 (-9272 -2816 704 ) (-9272 -2816 336 ) (-9272 -3072 336 ) (-9272 -3072 704 ) 
4 277 315 (-9600 -3072 448 ) (-9600 -3072 320 ) (-9272 -3072 320 ) (-9272 -3072 448 ) 
4 277 305 (-9600 -3072 576 ) (-9600 -3072 448 ) (-9272 -3072 448 ) (-9272 -3072 576 ) 
3 277 302 (-9600 -3072 704 ) (-9600 -3072 576 ) (-9472 -3072 576 ) 
4 277 300 (-9272 -3072 704 ) (-9600 -3072 704 ) (-9472 -3072 576 ) (-9272 -3072 576 ) 
4 278 334 (-9216 -3072 -64 ) (-9216 -3072 192 ) (-10240 -3072 192 ) (-10240 -3072 -64 ) 
4 278 289 (-10240 -2832 -64 ) (-10240 -3072 -64 ) (-10240 -3072 192 ) (-10240 -2800 192 ) 
4 279 284 (-10240 -2304 832 ) (-10240 -2304 1216 ) (-10304 -2304 1216 ) (-10304 -2304 832 ) 
4 279 282 (-10240 -2304 1216 ) (-10240 -2304 2560 ) (-10304 -2304 2560 ) (-10304 -2304 1216 ) 
5 279 280 (-10304 -2304 832.003174 ) (-10304 -2048 576.003052 ) (-10303.998047 -2048 576.003052 ) (-10240 -2111.998047 640.001038 ) (-10240 -2304 832.003174 ) 
4 279 281 (-10304 -2304 832 ) (-10304 -2304 2560 ) (-10304 -2048 2560 ) (-10304 -2048 576 ) 
4 280 284 (-10240 -2304 704 ) (-10240 -2304 832 ) (-10304 -2304 832 ) (-10304 -2304 704 ) 
3 280 281 (-10304 -2304 576 ) (-10304 -2304 832 ) (-10304 -2048 576 ) 
4 281 286 (-10496 -2304 320 ) (-10304 -2304 320 ) (-10304 -2304 1216 ) (-10496 -2304 1216 ) 
4 281 282 (-10304 -2304 1216 ) (-10304 -2304 2560 ) (-10496 -2304 2560 ) (-10496 -2304 1216 ) 
4 282 288 (-10368 -2816 2560 ) (-10496 -2816 2560 ) (-10496 -2816 832 ) (-10368 -2816 832 ) 
4 282 287 (-10240 -2816 832 ) (-10240 -2816 2560 ) (-10368 -2816 2560 ) (-10368 -2816 832 ) 
4 282 285 (-10240 -2560 960 ) (-10240 -2688 832 ) (-10304 -2688 832 ) (-10304 -2560 960 ) 
4 282 284 (-10304 -2304 1216 ) (-10240 -2304 1216 ) (-10240 -2560 960 ) (-10304 -2560 960 ) 
4 282 286 (-10496 -2688 832 ) (-10496 -2304 1216 ) (-10304 -2304 1216 ) (-10304 -2688 832 ) 
4 282 283 (-10368 -2816 832 ) (-10496 -2816 832 ) (-10496 -2687.998291 832 ) (-10368 -2687.998291 832 ) 
4 283 288 (-10368 -2816 832 ) (-10496 -2816 832 ) (-10496 -2816 704 ) (-10368 -2816 704 ) 
4 283 286 (-10368 -2816 704 ) (-10496 -2816 704 ) (-10496 -2688 832 ) (-10368 -2688 832 ) 
4 284 285 (-10304 -2560.003906 960.003906 ) (-10304 -2304 704 ) (-10240 -2368 768 ) (-10240 -2560.003906 960.003906 ) 
3 284 286 (-10304 -2560 960 ) (-10304 -2304 1216 ) (-10304 -2304 704 ) 
3 285 286 (-10304 -2816 704 ) (-10304 -2560 960 ) (-10304 -2304 704 ) 
4 286 288 (-10496 -2816 320 ) (-10368 -2816 320 ) (-10368 -2816 704 ) (-10496 -2816 704 ) 
4 287 335 (-10240 -3072 832 ) (-10240 -3072 2560 ) (-10368 -3072 2560 ) (-10368 -3072 832 ) 
4 287 288 (-10368 -2816 2560 ) (-10368 -2816 832 ) (-10368 -3072 832 ) (-10368 -3072 2560 ) 
4 288 337 (-10496 -3072 2560 ) (-10496 -3072 320 ) (-10368 -3072 320 ) (-10368 -3072 2560 ) 
4 289 339 (-10240 -3072 -64 ) (-10240 -3072 192 ) (-10654.476563 -3072 192 ) (-10605.713867 -3072 -64 ) 
4 290 295 (-9216 -3472 1088 ) (-9216 -3488 1088 ) (-9408 -3488 1088 ) (-9408 -3472 1088 ) 
4 290 294 (-9408 -3072 1088 ) (-9216 -3072 1088 ) (-9216 -3472 1088 ) (-9408 -3472 1088 ) 
4 290 297 (-9216 -3488 1088 ) (-9216 -3520 1088 ) (-9408 -3520 1088 ) (-9408 -3488 1088 ) 
4 290 298 (-9472 -3072 1088 ) (-9408 -3072 1088 ) (-9408 -3520 1088 ) (-9472 -3520 1088 ) 
4 290 292 (-9472 -3520 1120 ) (-9472 -3520 1088 ) (-9216 -3520 1088 ) (-9216 -3520 1120 ) 
4 290 291 (-9472 -3520 2560 ) (-9472 -3520 1120 ) (-9216 -3520 1120 ) (-9216 -3520 2560 ) 
4 290 293 (-9472 -3072 1088 ) (-9472 -3520 1088 ) (-9472 -3520 2560 ) (-9472 -3072 2560 ) 
4 291 340 (-9216 -4096 1120 ) (-9216 -4096 2560 ) (-9472 -4096 2560 ) (-9472 -4096 1120 ) 
4 291 293 (-9472 -4096 1120 ) (-9472 -4096 2560 ) (-9472 -3520 2560 ) (-9472 -3520 1120 ) 
4 291 292 (-9472 -4096 1120 ) (-9472 -3520 1120 ) (-9216 -3520 1120 ) (-9216 -4096 1120 ) 
4 292 340 (-9216 -4096 1088 ) (-9216 -4096 1120 ) (-9472 -4096 1120 ) (-9472 -4096 1088 ) 
4 292 293 (-9472 -3520 1088 ) (-9472 -4096 1088 ) (-9472 -4096 1120 ) (-9472 -3520 1120 ) 
4 293 343 (-10048 -4096 2560 ) (-10240 -4096 2560 ) (-10240 -4096 1088 ) (-10048 -4096 1088 ) 
4 293 341 (-9856 -4096 2560 ) (-10048 -4096 2560 ) (-10048 -4096 1088 ) (-9856 -4096 1088 ) 
4 293 340 (-9472 -4096 2560 ) (-9856 -4096 2560 ) (-9856 -4096 1088 ) (-9472 -4096 1088 ) 
4 293 335 (-10240 -3072 2560 ) (-10240 -3072 1088 ) (-10240 -3200 1088 ) (-10240 -3200 2560 ) 
4 293 336 (-10240 -3200 1088 ) (-10240 -4096 1088 ) (-10240 -4096 2560 ) (-10240 -3200 2560 ) 
4 293 299 (-9472 -3520 1088 ) (-9472 -4096 1088 ) (-10240 -4096 1088 ) (-10240 -3520 1088 ) 
4 293 298 (-10240 -3072 1088 ) (-9472 -3072 1088 ) (-9472 -3520 1088 ) (-10240 -3520 1088 ) 
4 294 300 (-9408 -3072 960 ) (-9216 -3072 960 ) (-9216 -3200 960 ) (-9408 -3200 960 ) 
4 294 303 (-9216 -3200 960 ) (-9216 -3456 960 ) (-9408 -3456 960 ) (-9408 -3200 960 ) 
4 294 296 (-9408 -3472 1024 ) (-9408 -3472 960 ) (-9216 -3472 960 ) (-9216 -3472 1024 ) 
4 294 295 (-9408 -3472 1088 ) (-9408 -3472 1024 ) (-9216 -3472 1024 ) (-9216 -3472 1088 ) 
4 294 298 (-9408 -3072 960 ) (-9408 -3472 960 ) (-9408 -3472 1088 ) (-9408 -3072 1088 ) 
4 295 298 (-9408 -3488 1024 ) (-9408 -3488 1088 ) (-9408 -3472 1088 ) (-9408 -3472 1024 ) 
4 295 297 (-9408 -3488 1088 ) (-9408 -3488 1024 ) (-9216 -3488 1024 ) (-9216 -3488 1088 ) 
4 295 296 (-9216 -3488 1024 ) (-9408 -3488 1024 ) (-9408 -3472 1024 ) (-9216 -3472 1024 ) 
4 296 298 (-9408 -3472 960 ) (-9408 -3488 960 ) (-9408 -3488 1024 ) (-9408 -3472 1024 ) 
4 296 297 (-9408 -3488 1024 ) (-9408 -3488 960 ) (-9216 -3488 960 ) (-9216 -3488 1024 ) 
4 297 298 (-9408 -3488 960 ) (-9408 -3520 960 ) (-9408 -3520 1088 ) (-9408 -3488 1088 ) 
4 298 335 (-10240 -3072 1088 ) (-10240 -3072 960 ) (-10240 -3200 960 ) (-10240 -3200 1088 ) 
4 298 336 (-10240 -3200 960 ) (-10240 -3520 960 ) (-10240 -3520 1088 ) (-10240 -3200 1088 ) 
4 298 304 (-10240 -3520 960 ) (-10240 -3456 960 ) (-9600 -3456 960 ) (-9600 -3520 960 ) 
4 298 301 (-10240 -3200 960 ) (-10240 -3072 960 ) (-9856 -3072 960 ) (-9856 -3200 960 ) 
4 298 300 (-9856 -3072 960 ) (-9408 -3072 960 ) (-9408 -3200 960 ) (-9856 -3200 960 ) 
4 298 303 (-10240 -3456 960 ) (-10240 -3200 960 ) (-9408 -3200 960 ) (-9408 -3456 960 ) 
4 298 299 (-10240 -3520 960 ) (-9472 -3520 960 ) (-9472 -3520 1088 ) (-10240 -3520 1088 ) 
4 299 343 (-10048 -4096 1088 ) (-10240 -4096 1088 ) (-10240 -4096 960 ) (-10048 -4096 960 ) 
4 299 341 (-9856 -4096 1088 ) (-10048 -4096 1088 ) (-10048 -4096 960 ) (-9856 -4096 960 ) 
4 299 340 (-9472 -4096 1088 ) (-9856 -4096 1088 ) (-9856 -4096 960 ) (-9472 -4096 960 ) 
4 299 336 (-10240 -3520 960 ) (-10240 -4096 960 ) (-10240 -4096 1088 ) (-10240 -3520 1088 ) 
4 299 304 (-9600 -4096 960 ) (-10240 -4096 960 ) (-10240 -3520 960 ) (-9600 -3520 960 ) 
4 300 305 (-9472 -3072 576 ) (-9216 -3072 576 ) (-9216 -3200 576 ) (-9472 -3200 576 ) 
5 300 302 (-9471.996094 -3072 576 ) (-9471.996094 -3200 576 ) (-9599.996094 -3200 704 ) (-9600 -3199.996094 704.004028 ) (-9600 -3072 704.003845 ) 
4 300 301 (-9599.996094 -3200 704 ) (-9855.996094 -3200 960 ) (-9855.996094 -3072 960 ) (-9727.996094 -3072 832 ) 
4 300 303 (-9472 -3200 576 ) (-9216 -3200 576 ) (-9216 -3200 960 ) (-9856 -3200 960 ) 
4 301 335 (-10240 -3072 960 ) (-10240 -3072 832 ) (-10240 -3200 704 ) (-10240 -3200 960 ) 
4 301 303 (-9600 -3200 704 ) (-9856 -3200 960 ) (-10240 -3200 960 ) (-10240 -3200 704 ) 
4 302 305 (-9600 -3072 576 ) (-9472 -3072 576 ) (-9472 -3200 576 ) (-9600 -3200 576 ) 
3 302 303 (-9600 -3200 576 ) (-9472 -3200 576 ) (-9600 -3200 704 ) 
4 303 336 (-10240 -3200 576 ) (-10240 -3456 576 ) (-10240 -3456 960 ) (-10240 -3200 960 ) 
4 303 307 (-9600 -3456 576 ) (-9856 -3456 576 ) (-9856 -3200 576 ) (-9600 -3200 576 ) 
4 303 309 (-9856 -3456 576 ) (-10048 -3456 576 ) (-10048 -3200 576 ) (-9856 -3200 576 ) 
4 303 305 (-9216 -3200 576 ) (-9216 -3456 576 ) (-9600 -3456 576 ) (-9600 -3200 576 ) 
4 303 304 (-10240 -3456 576 ) (-9600 -3456 576 ) (-9600 -3456 960 ) (-10240 -3456 960 ) 
4 304 343 (-10048 -4096 960 ) (-10240 -4096 960 ) (-10240 -4096 576 ) (-10048 -4096 576 ) 
4 304 341 (-9856 -4096 960 ) (-10048 -4096 960 ) (-10048 -4096 576 ) (-9856 -4096 576 ) 
4 304 340 (-9600 -4096 960 ) (-9856 -4096 960 ) (-9856 -4096 576 ) (-9600 -4096 576 ) 
4 304 336 (-10240 -3456 576 ) (-10240 -4096 576 ) (-10240 -4096 960 ) (-10240 -3456 960 ) 
4 304 311 (-10048 -3968 576 ) (-10048 -3712 576 ) (-9856 -3712 576 ) (-9856 -3968 576 ) 
4 304 310 (-9600 -4096 576 ) (-9856 -4096 576 ) (-9856 -3968 576 ) (-9600 -3968 576 ) 
4 304 308 (-9856 -3456 576 ) (-9600 -3456 576 ) (-9600 -3712 576 ) (-9856 -3712 576 ) 
4 304 309 (-10048 -3712 576 ) (-10048 -3456 576 ) (-9856 -3456 576 ) (-9856 -3712 576 ) 
4 305 317 (-9600 -3456 448 ) (-9600 -3136 448 ) (-9224 -3136 448 ) (-9224 -3456 448 ) 
4 305 316 (-9600 -3136 448 ) (-9600 -3128 448 ) (-9224 -3128 448 ) (-9224 -3136 448 ) 
4 305 314 (-9272 -3072 448 ) (-9224 -3072 448 ) (-9224 -3128 448 ) (-9272 -3128 448 ) 
4 305 315 (-9600 -3128 448 ) (-9600 -3072 448 ) (-9272 -3072 448 ) (-9272 -3128 448 ) 
4 305 312 (-9224 -3072 448 ) (-9216 -3072 448 ) (-9216 -3392 448 ) (-9224 -3392 448 ) 
4 305 313 (-9216 -3392 448 ) (-9216 -3456 448 ) (-9224 -3456 448 ) (-9224 -3392 448 ) 
4 305 307 (-9600 -3200 448 ) (-9600 -3456 448 ) (-9600 -3456 576 ) (-9600 -3200 576 ) 
4 306 308 (-9600 -3696 464 ) (-9600 -3696 576 ) (-9600 -3640 576 ) (-9600 -3640 464 ) 
4 307 318 (-9856 -3200 448 ) (-9600 -3200 448 ) (-9600 -3456 448 ) (-9856 -3456 448 ) 
4 307 308 (-9856 -3456 576 ) (-9856 -3456 464 ) (-9600 -3456 464 ) (-9600 -3456 576 ) 
4 307 309 (-9856 -3200 576 ) (-9856 -3200 448 ) (-9856 -3456 448 ) (-9856 -3456 576 ) 
4 308 309 (-9856 -3712 464 ) (-9856 -3712 576 ) (-9856 -3456 576 ) (-9856 -3456 464 ) 
4 309 319 (-10048 -3712 448 ) (-10048 -3200 448 ) (-9856 -3200 448 ) (-9856 -3712 448 ) 
4 309 311 (-10048 -3712 576 ) (-10048 -3712 448 ) (-9856 -3712 448 ) (-9856 -3712 576 ) 
4 311 319 (-10048 -3968 448 ) (-10048 -3712 448 ) (-9856 -3712 448 ) (-9856 -3968 448 ) 
4 312 317 (-9224 -3392 352 ) (-9224 -3392 448 ) (-9224 -3136 448 ) (-9224 -3136 352 ) 
4 312 316 (-9224 -3136 448 ) (-9224 -3128 448 ) (-9224 -3128 352 ) (-9224 -3136 352 ) 
4 312 314 (-9224 -3128 448 ) (-9224 -3072 448 ) (-9224 -3072 352 ) (-9224 -3128 352 ) 
4 312 313 (-9224 -3392 448 ) (-9224 -3392 352 ) (-9216 -3392 352 ) (-9216 -3392 448 ) 
4 313 317 (-9224 -3392 320 ) (-9224 -3456 320 ) (-9224 -3456 448 ) (-9224 -3392 448 ) 
4 314 316 (-9224 -3128 352 ) (-9224 -3128 448 ) (-9272 -3128 448 ) (-9272 -3128 352 ) 
4 314 315 (-9272 -3128 336 ) (-9272 -3128 448 ) (-9272 -3072 448 ) (-9272 -3072 336 ) 
4 315 316 (-9600 -3128 448 ) (-9600 -3128 352 ) (-9272 -3128 352 ) (-9272 -3128 448 ) 
4 316 317 (-9600 -3136 448 ) (-9600 -3136 352 ) (-9224 -3136 352 ) (-9224 -3136 448 ) 
4 317 318 (-9600 -3200 320 ) (-9600 -3456 320 ) (-9600 -3456 448 ) (-9600 -3200 448 ) 
4 318 319 (-9856 -3200 320 ) (-9856 -3456 320 ) (-9856 -3456 448 ) (-9856 -3200 448 ) 
4 319 320 (-9944 -3968 320 ) (-9896 -3968 320 ) (-9896 -3968 428 ) (-9944 -3968 428 ) 
4 320 321 (-9944 -3972 428 ) (-9944 -3972 320 ) (-9896 -3972 320 ) (-9896 -3972 428 ) 
4 321 322 (-9948 -3976 320 ) (-9892 -3976 320 ) (-9892 -3976 432 ) (-9948 -3976 432 ) 
4 322 323 (-10048 -4032 320 ) (-10048 -4096 320 ) (-10048 -4096 440 ) (-10048 -4032 440 ) 
4 323 344 (-10240 -4096 440 ) (-10240 -4096 320 ) (-10048 -4096 320 ) (-10048 -4096 440 ) 
4 323 333 (-10080 -4096 320 ) (-10240 -4096 320 ) (-10240 -4094 320 ) (-10080 -4094 320 ) 
4 323 327 (-10128 -4034 320 ) (-10116 -4034 320 ) (-10116 -4094 320 ) (-10128 -4094 320 ) 
4 323 328 (-10240 -4094 320 ) (-10240 -4034 320 ) (-10128 -4034 320 ) (-10128 -4094 320 ) 
4 323 326 (-10116 -4034 320 ) (-10104 -4034 320 ) (-10104 -4094 320 ) (-10116 -4094 320 ) 
4 323 325 (-10104 -4034 320 ) (-10092 -4034 320 ) (-10092 -4094 320 ) (-10104 -4094 320 ) 
4 323 324 (-10240 -4034 320 ) (-10240 -4032 320 ) (-10080 -4032 320 ) (-10080 -4034 320 ) 
4 324 332 (-10176 -4034 256 ) (-10176 -4034 280 ) (-10240 -4034 280 ) (-10240 -4034 256 ) 
4 324 331 (-10164 -4034 264 ) (-10164 -4034 280 ) (-10176 -4034 280 ) (-10176 -4034 264 ) 
4 324 330 (-10152 -4034 272 ) (-10152 -4034 280 ) (-10164 -4034 280 ) (-10164 -4034 272 ) 
4 324 329 (-10140 -4034 280 ) (-10140 -4034 288 ) (-10240 -4034 288 ) (-10240 -4034 280 ) 
4 324 327 (-10116 -4034 296 ) (-10116 -4034 320 ) (-10128 -4034 320 ) (-10128 -4034 296 ) 
4 324 328 (-10128 -4034 288 ) (-10128 -4034 320 ) (-10240 -4034 320 ) (-10240 -4034 288 ) 
4 324 326 (-10104 -4034 304 ) (-10104 -4034 320 ) (-10116 -4034 320 ) (-10116 -4034 304 ) 
4 324 325 (-10092 -4034 312 ) (-10092 -4034 320 ) (-10104 -4034 320 ) (-10104 -4034 312 ) 
4 325 333 (-10092 -4094 312 ) (-10092 -4094 320 ) (-10104 -4094 320 ) (-10104 -4094 312 ) 
4 325 326 (-10104 -4034 320 ) (-10104 -4034 312 ) (-10104 -4094 312 ) (-10104 -4094 320 ) 
4 326 333 (-10104 -4094 304 ) (-10104 -4094 320 ) (-10116 -4094 320 ) (-10116 -4094 304 ) 
4 326 327 (-10116 -4034 320 ) (-10116 -4034 304 ) (-10116 -4094 304 ) (-10116 -4094 320 ) 
4 327 333 (-10116 -4094 296 ) (-10116 -4094 320 ) (-10128 -4094 320 ) (-10128 -4094 296 ) 
4 327 328 (-10128 -4034 320 ) (-10128 -4034 296 ) (-10128 -4094 296 ) (-10128 -4094 320 ) 
4 328 333 (-10128 -4094 288 ) (-10128 -4094 320 ) (-10240 -4094 320 ) (-10240 -4094 288 ) 
4 328 329 (-10240 -4034 288 ) (-10140 -4034 288 ) (-10140 -4094 288 ) (-10240 -4094 288 ) 
4 329 333 (-10140 -4094 280 ) (-10140 -4094 288 ) (-10240 -4094 288 ) (-10240 -4094 280 ) 
4 329 332 (-10176 -4094 280 ) (-10240 -4094 280 ) (-10240 -4034 280 ) (-10176 -4034 280 ) 
4 329 331 (-10164 -4094 280 ) (-10176 -4094 280 ) (-10176 -4034 280 ) (-10164 -4034 280 ) 
4 329 330 (-10152 -4094 280 ) (-10164 -4094 280 ) (-10164 -4034 280 ) (-10152 -4034 280 ) 
4 330 333 (-10152 -4094 272 ) (-10152 -4094 280 ) (-10164 -4094 280 ) (-10164 -4094 272 ) 
4 330 331 (-10164 -4094 272 ) (-10164 -4094 280 ) (-10164 -4034 280 ) (-10164 -4034 272 ) 
4 331 333 (-10164 -4094 264 ) (-10164 -4094 280 ) (-10176 -4094 280 ) (-10176 -4094 264 ) 
4 331 332 (-10176 -4094 264 ) (-10176 -4094 280 ) (-10176 -4034 280 ) (-10176 -4034 264 ) 
4 332 333 (-10176 -4094 256 ) (-10176 -4094 280 ) (-10240 -4094 280 ) (-10240 -4094 256 ) 
4 333 358 (-10238 -4096 320 ) (-10240 -4096 320 ) (-10240 -4096 256 ) (-10238 -4096 256 ) 
4 333 349 (-10178 -4096 320 ) (-10238 -4096 320 ) (-10238 -4096 256 ) (-10178 -4096 256 ) 
4 333 348 (-10176 -4096 320 ) (-10178 -4096 320 ) (-10178 -4096 256 ) (-10176 -4096 256 ) 
3 333 347 (-10080 -4096 320 ) (-10176 -4096 320 ) (-10176 -4096 256 ) 
4 334 339 (-10240 -3072 192 ) (-10240 -3072 -64 ) (-10240 -3936 -64 ) (-10240 -3968 192 ) 
4 335 337 (-10368 -3072 2560 ) (-10368 -3072 832 ) (-10368 -3200 704 ) (-10368 -3200 2560 ) 
4 335 336 (-10240 -3200 704 ) (-10240 -3200 2560 ) (-10368 -3200 2560 ) (-10368 -3200 704 ) 
4 336 359 (-10240 -4096 576 ) (-10240 -4096 2560 ) (-10368 -4096 2560 ) (-10368 -4096 576 ) 
4 336 338 (-10368 -4096 960 ) (-10368 -4096 2560 ) (-10368 -3200 2560 ) (-10368 -3200 960 ) 
4 337 338 (-10496 -3200 2560 ) (-10496 -3200 960 ) (-10368 -3200 960 ) (-10368 -3200 2560 ) 
4 338 361 (-10496 -4096 2560 ) (-10496 -4096 960 ) (-10368 -4096 960 ) (-10368 -4096 2560 ) 
4 339 364 (-10435.047852 -4096 192 ) (-11232 -4096 192 ) (-11232 -4096 -64 ) (-10483.809570 -4096 -64 ) 
4 340 341 (-9856 -4096 2560 ) (-9856 -4096 576 ) (-9856 -4608 576 ) (-9856 -4608 2560 ) 
4 341 343 (-10048 -4096 2560 ) (-10048 -4096 576 ) (-10048 -4608 576 ) (-10048 -4608 2560 ) 
4 341 342 (-9856 -4352 576 ) (-9856 -4608 576 ) (-10048 -4608 576 ) (-10048 -4352 576 ) 
4 342 346 (-10048 -4608 320 ) (-10048 -4352 320 ) (-9856 -4352 320 ) (-9856 -4608 320 ) 
4 342 345 (-10048 -4352 320 ) (-10048 -4608 320 ) (-10048 -4608 576 ) (-10048 -4352 576 ) 
4 343 362 (-10240 -4352 576 ) (-10240 -4608 576 ) (-10240 -4608 2560 ) (-10240 -4352 2560 ) 
4 343 359 (-10240 -4096 2560 ) (-10240 -4096 576 ) (-10240 -4352 576 ) (-10240 -4352 2560 ) 
4 343 345 (-10048 -4608 576 ) (-10240 -4608 576 ) (-10240 -4224 576 ) (-10048 -4224 576 ) 
4 344 358 (-10240 -4192 320 ) (-10240 -4096 320 ) (-10238 -4096 320 ) (-10238 -4192 320 ) 
4 344 356 (-10178 -4180 320 ) (-10178 -4192 320 ) (-10238 -4192 320 ) (-10238 -4180 320 ) 
4 344 355 (-10178 -4168 320 ) (-10178 -4180 320 ) (-10238 -4180 320 ) (-10238 -4168 320 ) 
4 344 354 (-10178 -4156 320 ) (-10178 -4168 320 ) (-10238 -4168 320 ) (-10238 -4156 320 ) 
4 344 350 (-10178 -4108 320 ) (-10178 -4120 320 ) (-10238 -4120 320 ) (-10238 -4108 320 ) 
4 344 351 (-10178 -4120 320 ) (-10178 -4156 320 ) (-10238 -4156 320 ) (-10238 -4120 320 ) 
4 344 349 (-10238 -4096 320 ) (-10178 -4096 320 ) (-10178 -4108 320 ) (-10238 -4108 320 ) 
4 344 348 (-10178 -4096 320 ) (-10176 -4096 320 ) (-10176 -4192 320 ) (-10178 -4192 320 ) 
4 344 347 (-10176 -4096 320 ) (-10048 -4096 320 ) (-10048 -4192 320 ) (-10176 -4192 320 ) 
4 345 362 (-10240 -4352 320 ) (-10240 -4608 320 ) (-10240 -4608 576 ) (-10240 -4352 576 ) 
4 345 360 (-10240 -4224 320 ) (-10240 -4352 320 ) (-10240 -4352 576 ) (-10240 -4224 576 ) 
4 345 358 (-10240 -4608 320 ) (-10240 -4224 320 ) (-10238 -4224 320 ) (-10238 -4608 320 ) 
4 345 357 (-10238 -4224 320 ) (-10178 -4224 320 ) (-10178 -4608 320 ) (-10238 -4608 320 ) 
4 345 348 (-10178 -4224 320 ) (-10176 -4224 320 ) (-10176 -4608 320 ) (-10178 -4608 320 ) 
4 345 347 (-10176 -4224 320 ) (-10048 -4224 320 ) (-10048 -4608 320 ) (-10176 -4608 320 ) 
4 346 347 (-10048 -4352 192 ) (-10048 -4608 192 ) (-10048 -4608 320 ) (-10048 -4352 320 ) 
5 347 348 (-10176 -4192 192 ) (-10176 -4608 192 ) (-10176 -4608 320 ) (-10176 -4096 320 ) (-10176 -4096 256 ) 
4 348 356 (-10178 -4192 320 ) (-10178 -4180 320 ) (-10178 -4180 200 ) (-10178 -4192 200 ) 
4 348 357 (-10178 -4608 320 ) (-10178 -4192 320 ) (-10178 -4192 192 ) (-10178 -4608 192 ) 
4 348 355 (-10178 -4180 320 ) (-10178 -4168 320 ) (-10178 -4168 208 ) (-10178 -4180 208 ) 
4 348 354 (-10178 -4168 320 ) (-10178 -4156 320 ) (-10178 -4156 216 ) (-10178 -4168 216 ) 
4 348 353 (-10178 -4144 224 ) (-10178 -4156 224 ) (-10178 -4156 232 ) (-10178 -4144 232 ) 
4 348 352 (-10178 -4132 232 ) (-10178 -4156 232 ) (-10178 -4156 240 ) (-10178 -4132 240 ) 
4 348 350 (-10178 -4120 320 ) (-10178 -4108 320 ) (-10178 -4108 248 ) (-10178 -4120 248 ) 
4 348 351 (-10178 -4156 320 ) (-10178 -4120 320 ) (-10178 -4120 240 ) (-10178 -4156 240 ) 
4 348 349 (-10178 -4108 320 ) (-10178 -4096 320 ) (-10178 -4096 256 ) (-10178 -4108 256 ) 
4 349 358 (-10238 -4108 256 ) (-10238 -4108 320 ) (-10238 -4096 320 ) (-10238 -4096 256 ) 
4 349 350 (-10238 -4108 320 ) (-10238 -4108 256 ) (-10178 -4108 256 ) (-10178 -4108 320 ) 
4 350 358 (-10238 -4120 248 ) (-10238 -4120 320 ) (-10238 -4108 320 ) (-10238 -4108 248 ) 
4 350 351 (-10238 -4120 320 ) (-10238 -4120 248 ) (-10178 -4120 248 ) (-10178 -4120 320 ) 
4 351 358 (-10238 -4120 240 ) (-10238 -4156 240 ) (-10238 -4156 320 ) (-10238 -4120 320 ) 
4 351 354 (-10238 -4156 320 ) (-10238 -4156 240 ) (-10178 -4156 240 ) (-10178 -4156 320 ) 
4 351 352 (-10178 -4156 240 ) (-10238 -4156 240 ) (-10238 -4132 240 ) (-10178 -4132 240 ) 
4 352 358 (-10238 -4132 232 ) (-10238 -4156 232 ) (-10238 -4156 240 ) (-10238 -4132 240 ) 
4 352 354 (-10238 -4156 240 ) (-10238 -4156 232 ) (-10178 -4156 232 ) (-10178 -4156 240 ) 
4 352 353 (-10178 -4156 232 ) (-10238 -4156 232 ) (-10238 -4144 232 ) (-10178 -4144 232 ) 
4 353 358 (-10238 -4156 224 ) (-10238 -4156 232 ) (-10238 -4144 232 ) (-10238 -4144 224 ) 
4 353 354 (-10238 -4156 232 ) (-10238 -4156 224 ) (-10178 -4156 224 ) (-10178 -4156 232 ) 
4 354 358 (-10238 -4168 216 ) (-10238 -4168 320 ) (-10238 -4156 320 ) (-10238 -4156 216 ) 
4 354 355 (-10238 -4168 320 ) (-10238 -4168 216 ) (-10178 -4168 216 ) (-10178 -4168 320 ) 
4 355 358 (-10238 -4180 208 ) (-10238 -4180 320 ) (-10238 -4168 320 ) (-10238 -4168 208 ) 
4 355 356 (-10238 -4180 320 ) (-10238 -4180 208 ) (-10178 -4180 208 ) (-10178 -4180 320 ) 
4 356 358 (-10238 -4192 200 ) (-10238 -4192 320 ) (-10238 -4180 320 ) (-10238 -4180 200 ) 
4 356 357 (-10238 -4192 320 ) (-10238 -4192 200 ) (-10178 -4192 200 ) (-10178 -4192 320 ) 
4 357 358 (-10238 -4192 192 ) (-10238 -4608 192 ) (-10238 -4608 320 ) (-10238 -4192 320 ) 
4 359 363 (-10304 -4352 2560 ) (-10368 -4352 2560 ) (-10368 -4352 960 ) (-10304 -4352 960 ) 
4 359 362 (-10240 -4352 576 ) (-10240 -4352 2560 ) (-10304 -4352 2560 ) (-10304 -4352 576 ) 
4 359 361 (-10368 -4352 960 ) (-10368 -4352 2560 ) (-10368 -4096 2560 ) (-10368 -4096 960 ) 
4 359 360 (-10240 -4352 576 ) (-10368 -4352 576 ) (-10368 -4224 576 ) (-10240 -4224 576 ) 
4 360 362 (-10304 -4352 320 ) (-10240 -4352 320 ) (-10240 -4352 576 ) (-10304 -4352 576 ) 
4 361 363 (-10368 -4352 960 ) (-10368 -4352 2560 ) (-10496 -4352 2560 ) (-10496 -4352 960 ) 
4 362 363 (-10304 -4352 2560 ) (-10304 -4352 960 ) (-10304 -4608 960 ) (-10304 -4608 2560 ) 
4 365 367 (-12288 -5120 -64 ) (-12288 -5120 192 ) (-12288 -4768 192 ) (-12288 -4768 -64 ) 
4 365 366 (-11995.428711 -5120 192 ) (-12288 -5120 192 ) (-12288 -5120 -64 ) (-12044.190430 -5120 -64 ) 
4 366 368 (-12288 -5312 192 ) (-12288 -5120 192 ) (-12288 -5120 -64 ) (-12288 -5280 -64 ) 
4 367 368 (-12288 -5120 -64 ) (-12288 -5120 192 ) (-12824.381836 -5120 192 ) (-12824.381836 -5120 -64 ) 
4 368 369 (-13312 -5440 -64 ) (-13312 -5952 -64 ) (-13312 -5984 192 ) (-13312 -5440 192 ) 
4 369 371 (-14336 -6144 -64 ) (-14336 -6144 192 ) (-14336 -6112 192 ) (-14336 -6112 -64 ) 
4 369 370 (-13555.809570 -6144 192 ) (-14336 -6144 192 ) (-14336 -6144 -64 ) (-13604.571289 -6144 -64 ) 
4 370 372 (-14336 -6656 192 ) (-14336 -6144 192 ) (-14336 -6144 -64 ) (-14336 -6624 -64 ) 
4 371 372 (-14336 -6144 -64 ) (-14336 -6144 192 ) (-14384.762695 -6144 192 ) (-14384.762695 -6144 -64 ) 
4 372 373 (-15116.190430 -7168 192 ) (-15360 -7168 192 ) (-15360 -7168 -64 ) (-15164.953125 -7168 -64 ) 
